#
# A fatal error has been detected by the Java Runtime Environment:
#
#  SIGSEGV (0xb) at pc=0x00007fff94895f49, pid=5798, tid=24595
#
# JRE version: Java(TM) SE Runtime Environment (7.0_79-b15) (build 1.7.0_79-b15)
# Java VM: Java HotSpot(TM) 64-Bit Server VM (24.79-b02 mixed mode bsd-amd64 compressed oops)
# Problematic frame:
# C  [libsystem_platform.dylib+0x4f49]  _platform_memmove$VARIANT$Haswell+0x29
#
# Failed to write core dump. Core dumps have been disabled. To enable core dumping, try "ulimit -c unlimited" before starting Java again
#
# If you would like to submit a bug report, please visit:
#   http://bugreport.java.com/bugreport/crash.jsp
# The crash happened outside the Java Virtual Machine in native code.
# See problematic frame for where to report the bug.
#

---------------  T H R E A D  ---------------

Current thread (0x00007f855c0ae800):  JavaThread "Daemon worker Thread 2" [_thread_in_native, id=24595, stack(0x0000700001250000,0x0000700001350000)]

siginfo:si_signo=SIGSEGV: si_errno=0, si_code=1 (SEGV_MAPERR), si_addr=0x000000010bd16000

Registers:
RAX=0x00007f855a530602, RBX=0x000000010bd14464, RCX=0x0000000000005c2f, RDX=0x0000000000006d49
RSP=0x000070000134bf10, RBP=0x000070000134bf10, RSI=0x000000010bd16000, RDI=0x00007f855a53171c
R8 =0x0000000000000000, R9 =0x0000000000000012, R10=0x0000000000afab1f, R11=0x00007f844e81b71c
R12=0x0000000000000a03, R13=0x0000000000003700, R14=0x0000000062000808, R15=0x0000000000006d49
RIP=0x00007fff94895f49, EFLAGS=0x0000000000010202, ERR=0x0000000000000004
  TRAPNO=0x000000000000000e

Top of Stack: (sp=0x000070000134bf10)
0x000070000134bf10:   000070000134bf80 000000010276f27d
0x000070000134bf20:   000000490134bf70 000000000000006d
0x000070000134bf30:   0000000000005f07 00007f855b829800
0x000070000134bf40:   0000000000000a54 00007f855b1d23d0
0x000070000134bf50:   00007f855b391380 00000000497fa543
0x000070000134bf60:   0000000000000090 00007f855b1d2580
0x000070000134bf70:   00007f855b1d23d0 00007f855b1d7380
0x000070000134bf80:   000070000134bfd0 000000010276f725
0x000070000134bf90:   0000000000000037 000000375c0ae800
0x000070000134bfa0:   000070000134bfee 000070000134c438
0x000070000134bfb0:   0000000000000037 000070000134bfee
0x000070000134bfc0:   00007f855b1d23d0 00007f855c0ae9e8
0x000070000134bfd0:   000070000134c420 000000010276e570
0x000070000134bfe0:   00000000000000bd 454d700000000001
0x000070000134bff0:   732f464e492d4154 2f73656369767265
0x000070000134c000:   6e612e786176616a 6e6f697461746f6e
0x000070000134c010:   737365636f72702e 636f72502e676e69
0x000070000134c020:   000000726f737365 0000000100000000
0x000070000134c030:   00000007b029d7a0 00000007b00e21d8
0x000070000134c040:   00007f855c0ae800 00007f855c0ae800
0x000070000134c050:   000070000134c080 0000000000000000
0x000070000134c060:   0000000000000001 00000007b029d753
0x000070000134c070:   00000007f6ebb660 00007f855c0ae800
0x000070000134c080:   0000000000000004 00000007f6ebb660
0x000070000134c090:   0000000000000004 00007f8558f56c38
0x000070000134c0a0:   000070000134c0f0 0000000101d63013
0x000070000134c0b0:   00007f855c0ae800 0000000000000001
0x000070000134c0c0:   000070000134c0f0 0000000000000002
0x000070000134c0d0:   0000000000000004 00000007b00e21d8
0x000070000134c0e0:   00007f855c0ae800 0000000000000005
0x000070000134c0f0:   000070000134c140 0000000101f6f806
0x000070000134c100:   000000000000001f 00000007b029bb10 

Instructions: (pc=0x00007fff94895f49)
0x00007fff94895f29:   f3 48 89 f8 49 39 d3 72 1b 48 83 fa 60 76 2f 48
0x00007fff94895f39:   81 fa 00 40 00 00 0f 82 bb 00 00 00 48 89 d1 fc
0x00007fff94895f49:   f3 a4 5d c3 48 39 fe 74 f9 48 01 d6 48 01 d7 48
0x00007fff94895f59:   83 fa 60 0f 82 5c 01 00 00 e9 79 01 00 00 48 83 

Register to memory mapping:

RAX=0x00007f855a530602 is an unknown value
RBX=0x000000010bd14464 is an unknown value
RCX=0x0000000000005c2f is an unknown value
RDX=0x0000000000006d49 is an unknown value
RSP=0x000070000134bf10 is pointing into the stack for thread: 0x00007f855c0ae800
RBP=0x000070000134bf10 is pointing into the stack for thread: 0x00007f855c0ae800
RSI=0x000000010bd16000 is an unknown value
RDI=0x00007f855a53171c is an unknown value
R8 =0x0000000000000000 is an unknown value
R9 =0x0000000000000012 is an unknown value
R10=0x0000000000afab1f is an unknown value
R11=0x00007f844e81b71c is an unknown value
R12=0x0000000000000a03 is an unknown value
R13=0x0000000000003700 is an unknown value
R14=0x0000000062000808 is an unknown value
R15=0x0000000000006d49 is an unknown value


Stack: [0x0000700001250000,0x0000700001350000],  sp=0x000070000134bf10,  free space=1007k
Native frames: (J=compiled Java code, j=interpreted, Vv=VM code, C=native code)
C  [libsystem_platform.dylib+0x4f49]  _platform_memmove$VARIANT$Haswell+0x29
C  [libzip.dylib+0x327d]  newEntry+0x31a
C  [libzip.dylib+0x3725]  ZIP_GetEntry+0xa2
C  [libzip.dylib+0x2570]  Java_java_util_zip_ZipFile_getEntry+0xdd
J 63  java.util.zip.ZipFile.getEntry(J[BZ)J (0 bytes) @ 0x000000010308278e [0x00000001030826c0+0xce]

Java frames: (J=compiled Java code, j=interpreted, Vv=VM code)
J 63  java.util.zip.ZipFile.getEntry(J[BZ)J (0 bytes) @ 0x0000000103082718 [0x00000001030826c0+0x58]
J 146 C2 java.util.zip.ZipFile.getEntry(Ljava/lang/String;)Ljava/util/zip/ZipEntry; (86 bytes) @ 0x00000001030bb618 [0x00000001030bb540+0xd8]
J 148 C2 java.util.jar.JarFile.getEntry(Ljava/lang/String;)Ljava/util/zip/ZipEntry; (22 bytes) @ 0x00000001030bd7d8 [0x00000001030bd7a0+0x38]
j  sun.net.www.protocol.jar.URLJarFile.getEntry(Ljava/lang/String;)Ljava/util/zip/ZipEntry;+2
j  sun.net.www.protocol.jar.JarURLConnection.connect()V+62
j  sun.net.www.protocol.jar.JarURLConnection.getInputStream()Ljava/io/InputStream;+1
j  java.net.URL.openStream()Ljava/io/InputStream;+4
j  java.util.ServiceLoader.parse(Ljava/lang/Class;Ljava/net/URL;)Ljava/util/Iterator;+15
j  java.util.ServiceLoader.access$200(Ljava/util/ServiceLoader;Ljava/lang/Class;Ljava/net/URL;)Ljava/util/Iterator;+3
j  java.util.ServiceLoader$LazyIterator.hasNext()Z+140
j  java.util.ServiceLoader$1.hasNext()Z+21
j  com.sun.tools.javac.processing.JavacProcessingEnvironment$ServiceIterator.hasNext()Z+4
j  com.sun.tools.javac.processing.JavacProcessingEnvironment$DiscoveredProcessors$ProcessorStateIterator.hasNext()Z+39
j  com.sun.tools.javac.processing.JavacProcessingEnvironment.atLeastOneProcessor()Z+7
j  com.sun.tools.javac.main.JavaCompiler.initProcessAnnotations(Ljava/lang/Iterable;)V+52
j  com.sun.tools.javac.main.JavaCompiler.compile(Lcom/sun/tools/javac/util/List;Lcom/sun/tools/javac/util/List;Ljava/lang/Iterable;)V+127
j  com.sun.tools.javac.main.Main.compile([Ljava/lang/String;[Ljava/lang/String;Lcom/sun/tools/javac/util/Context;Lcom/sun/tools/javac/util/List;Ljava/lang/Iterable;)I+761
j  com.sun.tools.javac.api.JavacTaskImpl.call()Ljava/lang/Boolean;+59
j  org.gradle.api.internal.tasks.compile.JdkJavaCompiler.execute(Lorg/gradle/api/internal/tasks/compile/JavaCompileSpec;)Lorg/gradle/api/tasks/WorkResult;+17
j  org.gradle.api.internal.tasks.compile.JdkJavaCompiler.execute(Lorg/gradle/language/base/internal/compile/CompileSpec;)Lorg/gradle/api/tasks/WorkResult;+5
j  org.gradle.api.internal.tasks.compile.NormalizingJavaCompiler.delegateAndHandleErrors(Lorg/gradle/api/internal/tasks/compile/JavaCompileSpec;)Lorg/gradle/api/tasks/WorkResult;+5
j  org.gradle.api.internal.tasks.compile.NormalizingJavaCompiler.execute(Lorg/gradle/api/internal/tasks/compile/JavaCompileSpec;)Lorg/gradle/api/tasks/WorkResult;+27
j  org.gradle.api.internal.tasks.compile.NormalizingJavaCompiler.execute(Lorg/gradle/language/base/internal/compile/CompileSpec;)Lorg/gradle/api/tasks/WorkResult;+5
j  org.gradle.api.internal.tasks.compile.CleaningJavaCompilerSupport.execute(Lorg/gradle/api/internal/tasks/compile/JavaCompileSpec;)Lorg/gradle/api/tasks/WorkResult;+37
j  org.gradle.api.internal.tasks.compile.CleaningJavaCompilerSupport.execute(Lorg/gradle/language/base/internal/compile/CompileSpec;)Lorg/gradle/api/tasks/WorkResult;+5
j  org.gradle.api.tasks.compile.JavaCompile.performCompilation(Lorg/gradle/api/internal/tasks/compile/JavaCompileSpec;Lorg/gradle/language/base/internal/compile/Compiler;)V+2
j  org.gradle.api.tasks.compile.JavaCompile.compile()V+12
j  org.gradle.api.tasks.compile.JavaCompile.compile(Lorg/gradle/api/tasks/incremental/IncrementalTaskInputs;)V+11
j  com.android.build.gradle.tasks.factory.AndroidJavaCompile.compile(Lorg/gradle/api/tasks/incremental/IncrementalTaskInputs;)V+87
v  ~StubRoutines::call_stub
j  sun.reflect.NativeMethodAccessorImpl.invoke0(Ljava/lang/reflect/Method;Ljava/lang/Object;[Ljava/lang/Object;)Ljava/lang/Object;+0
j  sun.reflect.NativeMethodAccessorImpl.invoke(Ljava/lang/Object;[Ljava/lang/Object;)Ljava/lang/Object;+87
J 1505 C2 java.lang.reflect.Method.invoke(Ljava/lang/Object;[Ljava/lang/Object;)Ljava/lang/Object; (63 bytes) @ 0x00000001035324d0 [0x0000000103532440+0x90]
j  org.gradle.internal.reflect.JavaMethod.invoke(Ljava/lang/Object;[Ljava/lang/Object;)Ljava/lang/Object;+6
j  org.gradle.api.internal.project.taskfactory.AnnotationProcessingTaskFactory$IncrementalTaskAction.doExecute(Lorg/gradle/api/Task;Ljava/lang/String;)V+35
j  org.gradle.api.internal.project.taskfactory.AnnotationProcessingTaskFactory$StandardTaskAction.execute(Lorg/gradle/api/Task;)V+32
j  org.gradle.api.internal.project.taskfactory.AnnotationProcessingTaskFactory$IncrementalTaskAction.execute(Lorg/gradle/api/Task;)V+2
j  org.gradle.api.internal.project.taskfactory.AnnotationProcessingTaskFactory$StandardTaskAction.execute(Ljava/lang/Object;)V+5
j  org.gradle.api.internal.tasks.execution.ExecuteActionsTaskExecuter.executeAction(Lorg/gradle/api/internal/TaskInternal;Lorg/gradle/api/internal/tasks/ContextAwareTaskAction;Lorg/gradle/api/internal/tasks/TaskExecutionContext;)V+9
j  org.gradle.api.internal.tasks.execution.ExecuteActionsTaskExecuter.executeActions(Lorg/gradle/api/internal/TaskInternal;Lorg/gradle/api/internal/tasks/TaskStateInternal;Lorg/gradle/api/internal/tasks/TaskExecutionContext;)Lorg/gradle/api/GradleException;+79
j  org.gradle.api.internal.tasks.execution.ExecuteActionsTaskExecuter.execute(Lorg/gradle/api/internal/TaskInternal;Lorg/gradle/api/internal/tasks/TaskStateInternal;Lorg/gradle/api/internal/tasks/TaskExecutionContext;)V+19
j  org.gradle.api.internal.tasks.execution.PostExecutionAnalysisTaskExecuter.execute(Lorg/gradle/api/internal/TaskInternal;Lorg/gradle/api/internal/tasks/TaskStateInternal;Lorg/gradle/api/internal/tasks/TaskExecutionContext;)V+7
j  org.gradle.api.internal.tasks.execution.SkipUpToDateTaskExecuter.execute(Lorg/gradle/api/internal/TaskInternal;Lorg/gradle/api/internal/tasks/TaskStateInternal;Lorg/gradle/api/internal/tasks/TaskExecutionContext;)V+133
j  org.gradle.api.internal.tasks.execution.ValidatingTaskExecuter.execute(Lorg/gradle/api/internal/TaskInternal;Lorg/gradle/api/internal/tasks/TaskStateInternal;Lorg/gradle/api/internal/tasks/TaskExecutionContext;)V+215
j  org.gradle.api.internal.tasks.execution.SkipEmptySourceFilesTaskExecuter.execute(Lorg/gradle/api/internal/TaskInternal;Lorg/gradle/api/internal/tasks/TaskStateInternal;Lorg/gradle/api/internal/tasks/TaskExecutionContext;)V+111
j  org.gradle.api.internal.tasks.execution.SkipTaskWithNoActionsExecuter.execute(Lorg/gradle/api/internal/TaskInternal;Lorg/gradle/api/internal/tasks/TaskStateInternal;Lorg/gradle/api/internal/tasks/TaskExecutionContext;)V+110
j  org.gradle.api.internal.tasks.execution.SkipOnlyIfTaskExecuter.execute(Lorg/gradle/api/internal/TaskInternal;Lorg/gradle/api/internal/tasks/TaskStateInternal;Lorg/gradle/api/internal/tasks/TaskExecutionContext;)V+84
j  org.gradle.api.internal.tasks.execution.ExecuteAtMostOnceTaskExecuter.execute(Lorg/gradle/api/internal/TaskInternal;Lorg/gradle/api/internal/tasks/TaskStateInternal;Lorg/gradle/api/internal/tasks/TaskExecutionContext;)V+26
j  org.gradle.execution.taskgraph.DefaultTaskGraphExecuter$EventFiringTaskWorker.execute(Lorg/gradle/api/internal/TaskInternal;)V+106
j  org.gradle.execution.taskgraph.DefaultTaskGraphExecuter$EventFiringTaskWorker.execute(Ljava/lang/Object;)V+5
j  org.gradle.execution.taskgraph.AbstractTaskPlanExecutor$TaskExecutorWorker.processTask(Lorg/gradle/execution/taskgraph/TaskInfo;)V+8
j  org.gradle.execution.taskgraph.AbstractTaskPlanExecutor$TaskExecutorWorker.run()V+56
j  org.gradle.execution.taskgraph.DefaultTaskPlanExecutor.process(Lorg/gradle/execution/taskgraph/TaskExecutionPlan;Lorg/gradle/api/Action;)V+6
j  org.gradle.execution.taskgraph.DefaultTaskGraphExecuter.execute()V+65
j  org.gradle.execution.SelectedTaskExecutionAction.execute(Lorg/gradle/execution/BuildExecutionContext;)V+55
j  org.gradle.execution.DefaultBuildExecuter.execute(Lorg/gradle/api/internal/GradleInternal;I)V+37
j  org.gradle.execution.DefaultBuildExecuter.access$000(Lorg/gradle/execution/DefaultBuildExecuter;Lorg/gradle/api/internal/GradleInternal;I)V+3
j  org.gradle.execution.DefaultBuildExecuter$1.proceed()V+14
j  org.gradle.execution.DryRunBuildExecutionAction.execute(Lorg/gradle/execution/BuildExecutionContext;)V+68
j  org.gradle.execution.DefaultBuildExecuter.execute(Lorg/gradle/api/internal/GradleInternal;I)V+37
j  org.gradle.execution.DefaultBuildExecuter.execute(Lorg/gradle/api/internal/GradleInternal;)V+3
j  org.gradle.initialization.DefaultGradleLauncher$4.run()V+14
j  org.gradle.internal.Factories$1.create()Ljava/lang/Object;+4
j  org.gradle.internal.progress.DefaultBuildOperationExecutor.run(Lorg/gradle/internal/progress/BuildOperationDetails;Lorg/gradle/internal/Factory;)Ljava/lang/Object;+171
j  org.gradle.internal.progress.DefaultBuildOperationExecutor.run(Ljava/lang/String;Ljava/lang/Runnable;)V+12
j  org.gradle.initialization.DefaultGradleLauncher.doBuildStages(Lorg/gradle/initialization/DefaultGradleLauncher$Stage;)V+85
j  org.gradle.initialization.DefaultGradleLauncher.access$200(Lorg/gradle/initialization/DefaultGradleLauncher;Lorg/gradle/initialization/DefaultGradleLauncher$Stage;)V+2
j  org.gradle.initialization.DefaultGradleLauncher$1.create()Lorg/gradle/BuildResult;+29
j  org.gradle.initialization.DefaultGradleLauncher$1.create()Ljava/lang/Object;+1
j  org.gradle.internal.progress.DefaultBuildOperationExecutor.run(Lorg/gradle/internal/progress/BuildOperationDetails;Lorg/gradle/internal/Factory;)Ljava/lang/Object;+171
j  org.gradle.internal.progress.DefaultBuildOperationExecutor.run(Ljava/lang/String;Lorg/gradle/internal/Factory;)Ljava/lang/Object;+9
j  org.gradle.initialization.DefaultGradleLauncher.doBuild(Lorg/gradle/initialization/DefaultGradleLauncher$Stage;)Lorg/gradle/BuildResult;+25
j  org.gradle.initialization.DefaultGradleLauncher.run()Lorg/gradle/BuildResult;+4
j  org.gradle.launcher.exec.InProcessBuildActionExecuter$DefaultBuildController.run()Lorg/gradle/api/internal/GradleInternal;+4
j  org.gradle.tooling.internal.provider.runner.BuildModelActionRunner.run(Lorg/gradle/internal/invocation/BuildAction;Lorg/gradle/internal/invocation/BuildController;)V+29
j  org.gradle.launcher.exec.ChainingBuildActionRunner.run(Lorg/gradle/internal/invocation/BuildAction;Lorg/gradle/internal/invocation/BuildController;)V+34
j  org.gradle.tooling.internal.provider.runner.SubscribableBuildActionRunner.run(Lorg/gradle/internal/invocation/BuildAction;Lorg/gradle/internal/invocation/BuildController;)V+37
j  org.gradle.launcher.exec.ChainingBuildActionRunner.run(Lorg/gradle/internal/invocation/BuildAction;Lorg/gradle/internal/invocation/BuildController;)V+34
j  org.gradle.launcher.exec.InProcessBuildActionExecuter.execute(Lorg/gradle/internal/invocation/BuildAction;Lorg/gradle/initialization/BuildRequestContext;Lorg/gradle/launcher/exec/BuildActionParameters;Lorg/gradle/internal/service/ServiceRegistry;)Ljava/lang/Object;+63
j  org.gradle.launcher.exec.InProcessBuildActionExecuter.execute(Lorg/gradle/internal/invocation/BuildAction;Lorg/gradle/initialization/BuildRequestContext;Ljava/lang/Object;Lorg/gradle/internal/service/ServiceRegistry;)Ljava/lang/Object;+9
j  org.gradle.launcher.exec.ContinuousBuildActionExecuter.execute(Lorg/gradle/internal/invocation/BuildAction;Lorg/gradle/initialization/BuildRequestContext;Lorg/gradle/launcher/exec/BuildActionParameters;Lorg/gradle/internal/service/ServiceRegistry;)Ljava/lang/Object;+70
j  org.gradle.launcher.exec.ContinuousBuildActionExecuter.execute(Lorg/gradle/internal/invocation/BuildAction;Lorg/gradle/initialization/BuildRequestContext;Ljava/lang/Object;Lorg/gradle/internal/service/ServiceRegistry;)Ljava/lang/Object;+9
j  org.gradle.launcher.daemon.server.exec.ExecuteBuild.doBuild(Lorg/gradle/launcher/daemon/server/api/DaemonCommandExecution;Lorg/gradle/launcher/daemon/protocol/Build;)V+74
j  org.gradle.launcher.daemon.server.exec.BuildCommandOnly.execute(Lorg/gradle/launcher/daemon/server/api/DaemonCommandExecution;)V+49
j  org.gradle.launcher.daemon.server.api.DaemonCommandExecution.proceed()Z+28
j  org.gradle.launcher.daemon.server.exec.WatchForDisconnection.execute(Lorg/gradle/launcher/daemon/server/api/DaemonCommandExecution;)V+19
j  org.gradle.launcher.daemon.server.api.DaemonCommandExecution.proceed()Z+28
j  org.gradle.launcher.daemon.server.exec.ResetDeprecationLogger.execute(Lorg/gradle/launcher/daemon/server/api/DaemonCommandExecution;)V+4
j  org.gradle.launcher.daemon.server.api.DaemonCommandExecution.proceed()Z+28
j  org.gradle.launcher.daemon.server.exec.RequestStopIfSingleUsedDaemon.execute(Lorg/gradle/launcher/daemon/server/api/DaemonCommandExecution;)V+31
j  org.gradle.launcher.daemon.server.api.DaemonCommandExecution.proceed()Z+28
j  org.gradle.launcher.daemon.server.exec.ForwardClientInput$2.call()Ljava/lang/Void;+4
j  org.gradle.launcher.daemon.server.exec.ForwardClientInput$2.call()Ljava/lang/Object;+1
j  org.gradle.util.Swapper.swap(Ljava/lang/Object;Ljava/util/concurrent/Callable;)Ljava/lang/Object;+21
j  org.gradle.launcher.daemon.server.exec.ForwardClientInput.execute(Lorg/gradle/launcher/daemon/server/api/DaemonCommandExecution;)V+63
j  org.gradle.launcher.daemon.server.api.DaemonCommandExecution.proceed()Z+28
j  org.gradle.launcher.daemon.server.health.DaemonHealthTracker.execute(Lorg/gradle/launcher/daemon/server/api/DaemonCommandExecution;)V+35
j  org.gradle.launcher.daemon.server.api.DaemonCommandExecution.proceed()Z+28
j  org.gradle.launcher.daemon.server.exec.LogToClient.doBuild(Lorg/gradle/launcher/daemon/server/api/DaemonCommandExecution;Lorg/gradle/launcher/daemon/protocol/Build;)V+97
j  org.gradle.launcher.daemon.server.exec.BuildCommandOnly.execute(Lorg/gradle/launcher/daemon/server/api/DaemonCommandExecution;)V+49
j  org.gradle.launcher.daemon.server.api.DaemonCommandExecution.proceed()Z+28
j  org.gradle.launcher.daemon.server.exec.EstablishBuildEnvironment.doBuild(Lorg/gradle/launcher/daemon/server/api/DaemonCommandExecution;Lorg/gradle/launcher/daemon/protocol/Build;)V+279
j  org.gradle.launcher.daemon.server.exec.BuildCommandOnly.execute(Lorg/gradle/launcher/daemon/server/api/DaemonCommandExecution;)V+49
j  org.gradle.launcher.daemon.server.api.DaemonCommandExecution.proceed()Z+28
j  org.gradle.launcher.daemon.server.health.HintGCAfterBuild.execute(Lorg/gradle/launcher/daemon/server/api/DaemonCommandExecution;)V+1
j  org.gradle.launcher.daemon.server.api.DaemonCommandExecution.proceed()Z+28
j  org.gradle.launcher.daemon.server.exec.StartBuildOrRespondWithBusy$1.run()V+44
j  org.gradle.launcher.daemon.server.DaemonStateCoordinator$1.run()V+4
j  org.gradle.internal.concurrent.ExecutorPolicy$CatchAndRecordFailures.onExecute(Ljava/lang/Runnable;)V+1
j  org.gradle.internal.concurrent.StoppableExecutorImpl$1.run()V+25
j  java.util.concurrent.ThreadPoolExecutor.runWorker(Ljava/util/concurrent/ThreadPoolExecutor$Worker;)V+95
j  java.util.concurrent.ThreadPoolExecutor$Worker.run()V+5
j  java.lang.Thread.run()V+11
v  ~StubRoutines::call_stub

---------------  P R O C E S S  ---------------

Java Threads: ( => current thread )
  0x00007f855adff800 JavaThread "Keep-Alive-Timer" daemon [_thread_blocked, id=23307, stack(0x0000700001456000,0x0000700001556000)]
  0x00007f855c0b4800 JavaThread "Stdin handler" [_thread_blocked, id=13323, stack(0x0000700001353000,0x0000700001453000)]
=>0x00007f855c0ae800 JavaThread "Daemon worker Thread 2" [_thread_in_native, id=24595, stack(0x0000700001250000,0x0000700001350000)]
  0x00007f855a0ce800 JavaThread "Cancel handler" [_thread_blocked, id=22279, stack(0x000070000114d000,0x000070000124d000)]
  0x00007f855d0c1800 JavaThread "Handler for socket connection from /127.0.0.1:65004 to /127.0.0.1:65049" [_thread_in_native, id=21255, stack(0x000070000104a000,0x000070000114a000)]
  0x00007f855c0ad800 JavaThread "Daemon Thread 2" [_thread_blocked, id=19719, stack(0x0000700000932000,0x0000700000a32000)]
  0x00007f855a3f5000 JavaThread "File lock request listener" [_thread_in_native, id=22787, stack(0x0000700001584000,0x0000700001684000)]
  0x00007f855aa88000 JavaThread "Incoming local TCP Connector on port 65004" [_thread_in_native, id=19203, stack(0x0000700000f47000,0x0000700001047000)]
  0x00007f855a82c000 JavaThread "Service Thread" daemon [_thread_blocked, id=18179, stack(0x0000700000d41000,0x0000700000e41000)]
  0x00007f855a82b000 JavaThread "C2 CompilerThread1" daemon [_thread_blocked, id=17667, stack(0x0000700000c3e000,0x0000700000d3e000)]
  0x00007f8559004000 JavaThread "C2 CompilerThread0" daemon [_thread_blocked, id=17155, stack(0x0000700000b3b000,0x0000700000c3b000)]
  0x00007f855a003000 JavaThread "Signal Dispatcher" daemon [_thread_blocked, id=12815, stack(0x0000700000a38000,0x0000700000b38000)]
  0x00007f855a814000 JavaThread "Finalizer" daemon [_thread_blocked, id=12291, stack(0x000070000082f000,0x000070000092f000)]
  0x00007f855a813000 JavaThread "Reference Handler" daemon [_thread_blocked, id=11779, stack(0x000070000072c000,0x000070000082c000)]
  0x00007f8559807000 JavaThread "main" [_thread_blocked, id=5891, stack(0x000070000011a000,0x000070000021a000)]

Other Threads:
  0x00007f8559007000 VMThread [stack: 0x0000700000629000,0x0000700000729000] [id=11267]
  0x00007f855a834800 WatcherThread [stack: 0x0000700000e44000,0x0000700000f44000] [id=18691]

VM state:not at safepoint (normal execution)

VM Mutex/Monitor currently owned by a thread: None

Heap
 PSYoungGen      total 289792K, used 201987K [0x00000007eaa80000, 0x00000007ff980000, 0x0000000800000000)
  eden space 264192K, 76% used [0x00000007eaa80000,0x00000007f6fc0c00,0x00000007fac80000)
  from space 25600K, 0% used [0x00000007fac80000,0x00000007fac80000,0x00000007fc580000)
  to   space 36352K, 0% used [0x00000007fd600000,0x00000007fd600000,0x00000007ff980000)
 ParOldGen       total 87040K, used 51378K [0x00000007c0000000, 0x00000007c5500000, 0x00000007eaa80000)
  object space 87040K, 59% used [0x00000007c0000000,0x00000007c322ca48,0x00000007c5500000)
 PSPermGen       total 104960K, used 53642K [0x00000007b0000000, 0x00000007b6680000, 0x00000007c0000000)
  object space 104960K, 51% used [0x00000007b0000000,0x00000007b3462ab8,0x00000007b6680000)

Card table byte_map: [0x00000001060c0000,0x0000000106341000] byte_map_base: 0x0000000102340000

Polling page: 0x0000000102762000

Code Cache  [0x0000000103000000, 0x0000000103570000, 0x0000000106000000)
 total_blobs=2137 nmethods=1467 adapters=623 free_code_cache=43659Kb largest_free_block=44633408

Compilation events (10 events):
Event: 109.001 Thread 0x00007f855a82b000 nmethod 1574 0x000000010355a490 code [0x000000010355a5e0, 0x000000010355a6c8]
Event: 109.002 Thread 0x00007f855a82b000 1575             org.gradle.cache.internal.btree.BlockPointer::getPos (5 bytes)
Event: 109.002 Thread 0x00007f855a82b000 nmethod 1575 0x000000010355a290 code [0x000000010355a3c0, 0x000000010355a418]
Event: 109.002 Thread 0x00007f855a82b000 1576             java.util.Collections::indexedBinarySearch (83 bytes)
Event: 109.005 Thread 0x00007f855a82b000 nmethod 1576 0x0000000103559c50 code [0x0000000103559dc0, 0x0000000103559ff8]
Event: 109.007 Thread 0x00007f8559004000 nmethod 1573 0x0000000103561f10 code [0x00000001035620a0, 0x0000000103562768]
Event: 109.011 Thread 0x00007f855a82b000 1577             org.gradle.internal.service.DefaultServiceRegistry$SingletonService::isFactory (128 bytes)
Event: 109.016 Thread 0x00007f855a82b000 nmethod 1577 0x000000010356e610 code [0x000000010356e7c0, 0x000000010356ed98]
Event: 109.018 Thread 0x00007f8559004000 1578             java.io.File::isInvalid (47 bytes)
Event: 109.020 Thread 0x00007f8559004000 nmethod 1578 0x0000000103562b90 code [0x0000000103562ce0, 0x0000000103562eb8]

GC Heap History (10 events):
Event: 5.301 GC heap before
{Heap before GC invocations=6 (full 0):
 PSYoungGen      total 72704K, used 72692K [0x00000007eaa80000, 0x00000007f4880000, 0x0000000800000000)
  eden space 67584K, 100% used [0x00000007eaa80000,0x00000007eec80000,0x00000007eec80000)
  from space 5120K, 99% used [0x00000007eec80000,0x00000007ef17d030,0x00000007ef180000)
  to   space 13312K, 0% used [0x00000007f3b80000,0x00000007f3b80000,0x00000007f4880000)
 ParOldGen       total 87040K, used 12918K [0x00000007c0000000, 0x00000007c5500000, 0x00000007eaa80000)
  object space 87040K, 14% used [0x00000007c0000000,0x00000007c0c9d958,0x00000007c5500000)
 PSPermGen       total 27136K, used 26855K [0x00000007b0000000, 0x00000007b1a80000, 0x00000007c0000000)
  object space 27136K, 98% used [0x00000007b0000000,0x00000007b1a39dd8,0x00000007b1a80000)
Event: 5.319 GC heap after
Heap after GC invocations=6 (full 0):
 PSYoungGen      total 148480K, used 9320K [0x00000007eaa80000, 0x00000007f4880000, 0x0000000800000000)
  eden space 135168K, 0% used [0x00000007eaa80000,0x00000007eaa80000,0x00000007f2e80000)
  from space 13312K, 70% used [0x00000007f3b80000,0x00000007f449a1e0,0x00000007f4880000)
  to   space 13312K, 0% used [0x00000007f2e80000,0x00000007f2e80000,0x00000007f3b80000)
 ParOldGen       total 87040K, used 12926K [0x00000007c0000000, 0x00000007c5500000, 0x00000007eaa80000)
  object space 87040K, 14% used [0x00000007c0000000,0x00000007c0c9f958,0x00000007c5500000)
 PSPermGen       total 27136K, used 26855K [0x00000007b0000000, 0x00000007b1a80000, 0x00000007c0000000)
  object space 27136K, 98% used [0x00000007b0000000,0x00000007b1a39dd8,0x00000007b1a80000)
}
Event: 7.152 GC heap before
{Heap before GC invocations=7 (full 0):
 PSYoungGen      total 148480K, used 144488K [0x00000007eaa80000, 0x00000007f4880000, 0x0000000800000000)
  eden space 135168K, 100% used [0x00000007eaa80000,0x00000007f2e80000,0x00000007f2e80000)
  from space 13312K, 70% used [0x00000007f3b80000,0x00000007f449a1e0,0x00000007f4880000)
  to   space 13312K, 0% used [0x00000007f2e80000,0x00000007f2e80000,0x00000007f3b80000)
 ParOldGen       total 87040K, used 12926K [0x00000007c0000000, 0x00000007c5500000, 0x00000007eaa80000)
  object space 87040K, 14% used [0x00000007c0000000,0x00000007c0c9f958,0x00000007c5500000)
 PSPermGen       total 34816K, used 34397K [0x00000007b0000000, 0x00000007b2200000, 0x00000007c0000000)
  object space 34816K, 98% used [0x00000007b0000000,0x00000007b2197758,0x00000007b2200000)
Event: 7.189 GC heap after
Heap after GC invocations=7 (full 0):
 PSYoungGen      total 148480K, used 13295K [0x00000007eaa80000, 0x00000007fd880000, 0x0000000800000000)
  eden space 135168K, 0% used [0x00000007eaa80000,0x00000007eaa80000,0x00000007f2e80000)
  from space 13312K, 99% used [0x00000007f2e80000,0x00000007f3b7bdf8,0x00000007f3b80000)
  to   space 19456K, 0% used [0x00000007fc580000,0x00000007fc580000,0x00000007fd880000)
 ParOldGen       total 87040K, used 20557K [0x00000007c0000000, 0x00000007c5500000, 0x00000007eaa80000)
  object space 87040K, 23% used [0x00000007c0000000,0x00000007c1413470,0x00000007c5500000)
 PSPermGen       total 34816K, used 34397K [0x00000007b0000000, 0x00000007b2200000, 0x00000007c0000000)
  object space 34816K, 98% used [0x00000007b0000000,0x00000007b2197758,0x00000007b2200000)
}
Event: 10.855 GC heap before
{Heap before GC invocations=8 (full 0):
 PSYoungGen      total 148480K, used 148463K [0x00000007eaa80000, 0x00000007fd880000, 0x0000000800000000)
  eden space 135168K, 100% used [0x00000007eaa80000,0x00000007f2e80000,0x00000007f2e80000)
  from space 13312K, 99% used [0x00000007f2e80000,0x00000007f3b7bdf8,0x00000007f3b80000)
  to   space 19456K, 0% used [0x00000007fc580000,0x00000007fc580000,0x00000007fd880000)
 ParOldGen       total 87040K, used 20557K [0x00000007c0000000, 0x00000007c5500000, 0x00000007eaa80000)
  object space 87040K, 23% used [0x00000007c0000000,0x00000007c1413470,0x00000007c5500000)
 PSPermGen       total 42496K, used 42026K [0x00000007b0000000, 0x00000007b2980000, 0x00000007c0000000)
  object space 42496K, 98% used [0x00000007b0000000,0x00000007b290ab60,0x00000007b2980000)
Event: 10.896 GC heap after
Heap after GC invocations=8 (full 0):
 PSYoungGen      total 283648K, used 19440K [0x00000007eaa80000, 0x00000007fe480000, 0x0000000800000000)
  eden space 264192K, 0% used [0x00000007eaa80000,0x00000007eaa80000,0x00000007fac80000)
  from space 19456K, 99% used [0x00000007fc580000,0x00000007fd87c248,0x00000007fd880000)
  to   space 25600K, 0% used [0x00000007fac80000,0x00000007fac80000,0x00000007fc580000)
 ParOldGen       total 87040K, used 28223K [0x00000007c0000000, 0x00000007c5500000, 0x00000007eaa80000)
  object space 87040K, 32% used [0x00000007c0000000,0x00000007c1b8ff18,0x00000007c5500000)
 PSPermGen       total 42496K, used 42026K [0x00000007b0000000, 0x00000007b2980000, 0x00000007c0000000)
  object space 42496K, 98% used [0x00000007b0000000,0x00000007b290ab60,0x00000007b2980000)
}
Event: 17.478 GC heap before
{Heap before GC invocations=9 (full 0):
 PSYoungGen      total 283648K, used 269990K [0x00000007eaa80000, 0x00000007fe480000, 0x0000000800000000)
  eden space 264192K, 94% used [0x00000007eaa80000,0x00000007f9f2d780,0x00000007fac80000)
  from space 19456K, 99% used [0x00000007fc580000,0x00000007fd87c248,0x00000007fd880000)
  to   space 25600K, 0% used [0x00000007fac80000,0x00000007fac80000,0x00000007fc580000)
 ParOldGen       total 87040K, used 28223K [0x00000007c0000000, 0x00000007c5500000, 0x00000007eaa80000)
  object space 87040K, 32% used [0x00000007c0000000,0x00000007c1b8ff18,0x00000007c5500000)
 PSPermGen       total 52736K, used 52648K [0x00000007b0000000, 0x00000007b3380000, 0x00000007c0000000)
  object space 52736K, 99% used [0x00000007b0000000,0x00000007b336a000,0x00000007b3380000)
Event: 17.540 GC heap after
Heap after GC invocations=9 (full 0):
 PSYoungGen      total 289792K, used 25585K [0x00000007eaa80000, 0x00000007ff980000, 0x0000000800000000)
  eden space 264192K, 0% used [0x00000007eaa80000,0x00000007eaa80000,0x00000007fac80000)
  from space 25600K, 99% used [0x00000007fac80000,0x00000007fc57c770,0x00000007fc580000)
  to   space 36352K, 0% used [0x00000007fd600000,0x00000007fd600000,0x00000007ff980000)
 ParOldGen       total 87040K, used 44371K [0x00000007c0000000, 0x00000007c5500000, 0x00000007eaa80000)
  object space 87040K, 50% used [0x00000007c0000000,0x00000007c2b54c00,0x00000007c5500000)
 PSPermGen       total 52736K, used 52648K [0x00000007b0000000, 0x00000007b3380000, 0x00000007c0000000)
  object space 52736K, 99% used [0x00000007b0000000,0x00000007b336a000,0x00000007b3380000)
}
Event: 17.540 GC heap before
{Heap before GC invocations=10 (full 1):
 PSYoungGen      total 289792K, used 25585K [0x00000007eaa80000, 0x00000007ff980000, 0x0000000800000000)
  eden space 264192K, 0% used [0x00000007eaa80000,0x00000007eaa80000,0x00000007fac80000)
  from space 25600K, 99% used [0x00000007fac80000,0x00000007fc57c770,0x00000007fc580000)
  to   space 36352K, 0% used [0x00000007fd600000,0x00000007fd600000,0x00000007ff980000)
 ParOldGen       total 87040K, used 44371K [0x00000007c0000000, 0x00000007c5500000, 0x00000007eaa80000)
  object space 87040K, 50% used [0x00000007c0000000,0x00000007c2b54c00,0x00000007c5500000)
 PSPermGen       total 52736K, used 52648K [0x00000007b0000000, 0x00000007b3380000, 0x00000007c0000000)
  object space 52736K, 99% used [0x00000007b0000000,0x00000007b336a000,0x00000007b3380000)
Event: 17.962 GC heap after
Heap after GC invocations=10 (full 1):
 PSYoungGen      total 289792K, used 0K [0x00000007eaa80000, 0x00000007ff980000, 0x0000000800000000)
  eden space 264192K, 0% used [0x00000007eaa80000,0x00000007eaa80000,0x00000007fac80000)
  from space 25600K, 0% used [0x00000007fac80000,0x00000007fac80000,0x00000007fc580000)
  to   space 36352K, 0% used [0x00000007fd600000,0x00000007fd600000,0x00000007ff980000)
 ParOldGen       total 87040K, used 51378K [0x00000007c0000000, 0x00000007c5500000, 0x00000007eaa80000)
  object space 87040K, 59% used [0x00000007c0000000,0x00000007c322ca48,0x00000007c5500000)
 PSPermGen       total 104960K, used 52159K [0x00000007b0000000, 0x00000007b6680000, 0x00000007c0000000)
  object space 104960K, 49% used [0x00000007b0000000,0x00000007b32efc58,0x00000007b6680000)
}

Deoptimization events (10 events):
Event: 108.905 Thread 0x00007f855c0ae800 Uncommon trap: reason=unloaded action=reinterpret pc=0x0000000103569204 method=com.sun.tools.javac.jvm.ClassReader.readPool(I)Ljava/lang/Object; @ 386
Event: 108.914 Thread 0x00007f855c0ae800 Uncommon trap: reason=bimorphic action=maybe_recompile pc=0x00000001034fe5c0 method=com.sun.tools.javac.tree.JCTree$JCPrimitiveTypeTree.accept(Lcom/sun/tools/javac/tree/JCTree$Visitor;)V @ 2
Event: 108.921 Thread 0x00007f855c0ae800 Uncommon trap: reason=unreached action=reinterpret pc=0x000000010355bbec method=com.sun.tools.javac.code.Scope.remove(Lcom/sun/tools/javac/code/Symbol;)V @ 28
Event: 108.949 Thread 0x00007f855c0ae800 Uncommon trap: reason=bimorphic action=maybe_recompile pc=0x0000000103494184 method=java.util.Collections.indexedBinarySearch(Ljava/util/List;Ljava/lang/Object;)I @ 39
Event: 108.951 Thread 0x00007f855c0ae800 Uncommon trap: reason=bimorphic action=maybe_recompile pc=0x0000000103494184 method=java.util.Collections.indexedBinarySearch(Ljava/util/List;Ljava/lang/Object;)I @ 39
Event: 108.951 Thread 0x00007f855c0ae800 Uncommon trap: reason=bimorphic action=maybe_recompile pc=0x0000000103494184 method=java.util.Collections.indexedBinarySearch(Ljava/util/List;Ljava/lang/Object;)I @ 39
Event: 108.952 Thread 0x00007f855c0ae800 Uncommon trap: reason=bimorphic action=maybe_recompile pc=0x0000000103494184 method=java.util.Collections.indexedBinarySearch(Ljava/util/List;Ljava/lang/Object;)I @ 39
Event: 108.976 Thread 0x00007f855c0ae800 Uncommon trap: reason=null_check action=make_not_entrant pc=0x0000000103480358 method=org.gradle.api.internal.AbstractClassGenerator.generateUnderLock(Ljava/lang/Class;)Ljava/lang/Class; @ 801
Event: 108.985 Thread 0x00007f855c0ae800 Uncommon trap: reason=predicate action=maybe_recompile pc=0x000000010347612c method=org.gradle.util.CollectionUtils.join(Ljava/lang/String;Ljava/lang/Iterable;)Ljava/lang/String; @ 75
Event: 108.987 Thread 0x00007f855c0ae800 Uncommon trap: reason=class_check action=maybe_recompile pc=0x00000001034a3670 method=java.util.HashMap.removeEntryForKey(Ljava/lang/Object;)Ljava/util/HashMap$Entry; @ 85

Internal exceptions (10 events):
Event: 108.987 Thread 0x00007f855c0ae800 Threw 0x00000007f6c643e0 at /HUDSON/workspace/7u-2-build-macosx-x86_64/jdk7u79/2331/hotspot/src/share/vm/prims/jvm.cpp:1304
Event: 108.988 Thread 0x00007f855c0ae800 Threw 0x00000007f6c6b220 at /HUDSON/workspace/7u-2-build-macosx-x86_64/jdk7u79/2331/hotspot/src/share/vm/prims/jvm.cpp:1304
Event: 108.988 Thread 0x00007f855c0ae800 Threw 0x00000007f6c6c030 at /HUDSON/workspace/7u-2-build-macosx-x86_64/jdk7u79/2331/hotspot/src/share/vm/prims/jvm.cpp:1304
Event: 108.991 Thread 0x00007f855c0ae800 Threw 0x00000007f6c7c750 at /HUDSON/workspace/7u-2-build-macosx-x86_64/jdk7u79/2331/hotspot/src/share/vm/prims/jvm.cpp:1304
Event: 108.991 Thread 0x00007f855c0ae800 Threw 0x00000007f6c7d498 at /HUDSON/workspace/7u-2-build-macosx-x86_64/jdk7u79/2331/hotspot/src/share/vm/prims/jvm.cpp:1304
Event: 108.991 Thread 0x00007f855c0ae800 Threw 0x00000007f6c82a80 at /HUDSON/workspace/7u-2-build-macosx-x86_64/jdk7u79/2331/hotspot/src/share/vm/prims/jvm.cpp:1304
Event: 108.992 Thread 0x00007f855c0ae800 Threw 0x00000007f6c8a280 at /HUDSON/workspace/7u-2-build-macosx-x86_64/jdk7u79/2331/hotspot/src/share/vm/prims/jvm.cpp:1304
Event: 108.992 Thread 0x00007f855c0ae800 Threw 0x00000007f6c90510 at /HUDSON/workspace/7u-2-build-macosx-x86_64/jdk7u79/2331/hotspot/src/share/vm/prims/jvm.cpp:1304
Event: 108.992 Thread 0x00007f855c0ae800 Threw 0x00000007f6c93a28 at /HUDSON/workspace/7u-2-build-macosx-x86_64/jdk7u79/2331/hotspot/src/share/vm/prims/jvm.cpp:1304
Event: 108.993 Thread 0x00007f855c0ae800 Threw 0x00000007f6c98568 at /HUDSON/workspace/7u-2-build-macosx-x86_64/jdk7u79/2331/hotspot/src/share/vm/prims/jvm.cpp:1304

Events (10 events):
Event: 108.991 loading class 0x00007f855b390370 done
Event: 108.992 loading class 0x00007f855b0ed880
Event: 108.992 loading class 0x00007f855b0ed880 done
Event: 108.992 loading class 0x00007f855b0edb00
Event: 108.992 loading class 0x00007f855b0edb00 done
Event: 108.992 loading class 0x00007f855b0ed8b0
Event: 108.992 loading class 0x00007f855b0ed8b0 done
Event: 108.993 loading class 0x00007f855b1e0a10
Event: 108.993 loading class 0x00007f855b1e0a10 done
Event: 109.008 Thread 0x00007f8559004000 flushing nmethod 0x00000001032e5a90


Dynamic libraries:
0x00000000049d8000 	/System/Library/Frameworks/Cocoa.framework/Versions/A/Cocoa
0x00000000049d8000 	/System/Library/Frameworks/Security.framework/Versions/A/Security
0x00000000049d8000 	/System/Library/Frameworks/ApplicationServices.framework/Versions/A/ApplicationServices
0x00000000049d8000 	/usr/lib/libz.1.dylib
0x00000000049d8000 	/usr/lib/libSystem.B.dylib
0x00000000049d8000 	/usr/lib/libobjc.A.dylib
0x00000000049d8000 	/System/Library/Frameworks/CoreFoundation.framework/Versions/A/CoreFoundation
0x00000000049d8000 	/System/Library/Frameworks/Foundation.framework/Versions/C/Foundation
0x00000000049d8000 	/System/Library/Frameworks/AppKit.framework/Versions/C/AppKit
0x00000000049d8000 	/System/Library/Frameworks/CoreData.framework/Versions/A/CoreData
0x00000000049d8000 	/System/Library/PrivateFrameworks/RemoteViewServices.framework/Versions/A/RemoteViewServices
0x00000000049d8000 	/System/Library/PrivateFrameworks/UIFoundation.framework/Versions/A/UIFoundation
0x00000000049d8000 	/usr/lib/libScreenReader.dylib
0x00000000049d8000 	/System/Library/Frameworks/Accelerate.framework/Versions/A/Accelerate
0x00000000049d8000 	/System/Library/Frameworks/IOSurface.framework/Versions/A/IOSurface
0x00000000049d8000 	/System/Library/Frameworks/AudioToolbox.framework/Versions/A/AudioToolbox
0x00000000049d8000 	/System/Library/Frameworks/AudioUnit.framework/Versions/A/AudioUnit
0x00000000049d8000 	/System/Library/PrivateFrameworks/DataDetectorsCore.framework/Versions/A/DataDetectorsCore
0x00000000049d8000 	/System/Library/PrivateFrameworks/DesktopServicesPriv.framework/Versions/A/DesktopServicesPriv
0x00000000049d8000 	/System/Library/Frameworks/Carbon.framework/Versions/A/Frameworks/HIToolbox.framework/Versions/A/HIToolbox
0x00000000049d8000 	/System/Library/Frameworks/QuartzCore.framework/Versions/A/QuartzCore
0x00000000049d8000 	/System/Library/Frameworks/Carbon.framework/Versions/A/Frameworks/SpeechRecognition.framework/Versions/A/SpeechRecognition
0x00000000049d8000 	/usr/lib/libauto.dylib
0x00000000049d8000 	/usr/lib/libicucore.A.dylib
0x00000000049d8000 	/usr/lib/libxml2.2.dylib
0x00000000049d8000 	/System/Library/PrivateFrameworks/CoreUI.framework/Versions/A/CoreUI
0x00000000049d8000 	/System/Library/Frameworks/CoreAudio.framework/Versions/A/CoreAudio
0x00000000049d8000 	/System/Library/Frameworks/DiskArbitration.framework/Versions/A/DiskArbitration
0x00000000049d8000 	/usr/lib/liblangid.dylib
0x00000000049d8000 	/System/Library/PrivateFrameworks/MultitouchSupport.framework/Versions/A/MultitouchSupport
0x00000000049d8000 	/System/Library/Frameworks/IOKit.framework/Versions/A/IOKit
0x00000000049d8000 	/usr/lib/libDiagnosticMessagesClient.dylib
0x00000000049d8000 	/System/Library/Frameworks/CoreServices.framework/Versions/A/CoreServices
0x00000000049d8000 	/System/Library/PrivateFrameworks/PerformanceAnalysis.framework/Versions/A/PerformanceAnalysis
0x00000000049d8000 	/System/Library/PrivateFrameworks/GenerationalStorage.framework/Versions/A/GenerationalStorage
0x00000000049d8000 	/System/Library/Frameworks/OpenGL.framework/Versions/A/OpenGL
0x00000000049d8000 	/System/Library/PrivateFrameworks/Sharing.framework/Versions/A/Sharing
0x00000000049d8000 	/System/Library/Frameworks/CoreGraphics.framework/Versions/A/CoreGraphics
0x00000000049d8000 	/System/Library/Frameworks/CoreImage.framework/Versions/A/CoreImage
0x00000000049d8000 	/System/Library/Frameworks/CoreText.framework/Versions/A/CoreText
0x00000000049d8000 	/System/Library/Frameworks/ImageIO.framework/Versions/A/ImageIO
0x00000000049d8000 	/System/Library/PrivateFrameworks/Backup.framework/Versions/A/Backup
0x00000000049d8000 	/usr/lib/libextension.dylib
0x00000000049d8000 	/usr/lib/libarchive.2.dylib
0x00000000049d8000 	/System/Library/Frameworks/CFNetwork.framework/Versions/A/CFNetwork
0x00000000049d8000 	/System/Library/Frameworks/SystemConfiguration.framework/Versions/A/SystemConfiguration
0x00000000049d8000 	/usr/lib/libCRFSuite.dylib
0x00000000049d8000 	/usr/lib/libc++.1.dylib
0x00000000049d8000 	/usr/lib/libc++abi.dylib
0x00000000049d8000 	/usr/lib/system/libcache.dylib
0x00000000049d8000 	/usr/lib/system/libcommonCrypto.dylib
0x00000000049d8000 	/usr/lib/system/libcompiler_rt.dylib
0x00000000049d8000 	/usr/lib/system/libcopyfile.dylib
0x00000000049d8000 	/usr/lib/system/libcorecrypto.dylib
0x00000000049d8000 	/usr/lib/system/libdispatch.dylib
0x00000000049d8000 	/usr/lib/system/libdyld.dylib
0x00000000049d8000 	/usr/lib/system/libkeymgr.dylib
0x00000000049d8000 	/usr/lib/system/liblaunch.dylib
0x00000000049d8000 	/usr/lib/system/libmacho.dylib
0x00000000049d8000 	/usr/lib/system/libquarantine.dylib
0x00000000049d8000 	/usr/lib/system/libremovefile.dylib
0x00000000049d8000 	/usr/lib/system/libsystem_asl.dylib
0x00000000049d8000 	/usr/lib/system/libsystem_blocks.dylib
0x00000000049d8000 	/usr/lib/system/libsystem_c.dylib
0x00000000049d8000 	/usr/lib/system/libsystem_configuration.dylib
0x00000000049d8000 	/usr/lib/system/libsystem_coreservices.dylib
0x00000000049d8000 	/usr/lib/system/libsystem_coretls.dylib
0x00000000049d8000 	/usr/lib/system/libsystem_dnssd.dylib
0x00000000049d8000 	/usr/lib/system/libsystem_info.dylib
0x00000000049d8000 	/usr/lib/system/libsystem_kernel.dylib
0x00000000049d8000 	/usr/lib/system/libsystem_m.dylib
0x00000000049d8000 	/usr/lib/system/libsystem_malloc.dylib
0x00000000049d8000 	/usr/lib/system/libsystem_network.dylib
0x00000000049d8000 	/usr/lib/system/libsystem_networkextension.dylib
0x00000000049d8000 	/usr/lib/system/libsystem_notify.dylib
0x00000000049d8000 	/usr/lib/system/libsystem_platform.dylib
0x00000000049d8000 	/usr/lib/system/libsystem_pthread.dylib
0x00000000049d8000 	/usr/lib/system/libsystem_sandbox.dylib
0x00000000049d8000 	/usr/lib/system/libsystem_secinit.dylib
0x00000000049d8000 	/usr/lib/system/libsystem_trace.dylib
0x00000000049d8000 	/usr/lib/system/libunc.dylib
0x00000000049d8000 	/usr/lib/system/libunwind.dylib
0x00000000049d8000 	/usr/lib/system/libxpc.dylib
0x00000000049d8000 	/usr/lib/libenergytrace.dylib
0x00000000049d8000 	/usr/lib/libbsm.0.dylib
0x00000000049d8000 	/usr/lib/system/libkxld.dylib
0x00000000049d8000 	/usr/lib/libxar.1.dylib
0x00000000049d8000 	/usr/lib/libsqlite3.dylib
0x00000000049d8000 	/usr/lib/libpam.2.dylib
0x00000000049d8000 	/usr/lib/libOpenScriptingUtil.dylib
0x00000000049d8000 	/usr/lib/libbz2.1.0.dylib
0x00000000049d8000 	/usr/lib/liblzma.5.dylib
0x00000000049d8000 	/System/Library/Frameworks/CoreServices.framework/Versions/A/Frameworks/FSEvents.framework/Versions/A/FSEvents
0x00000000049d8000 	/System/Library/Frameworks/CoreServices.framework/Versions/A/Frameworks/CarbonCore.framework/Versions/A/CarbonCore
0x00000000049d8000 	/System/Library/Frameworks/CoreServices.framework/Versions/A/Frameworks/Metadata.framework/Versions/A/Metadata
0x00000000049d8000 	/System/Library/Frameworks/CoreServices.framework/Versions/A/Frameworks/OSServices.framework/Versions/A/OSServices
0x00000000049d8000 	/System/Library/Frameworks/CoreServices.framework/Versions/A/Frameworks/SearchKit.framework/Versions/A/SearchKit
0x00000000049d8000 	/System/Library/Frameworks/CoreServices.framework/Versions/A/Frameworks/AE.framework/Versions/A/AE
0x00000000049d8000 	/System/Library/Frameworks/CoreServices.framework/Versions/A/Frameworks/LaunchServices.framework/Versions/A/LaunchServices
0x00000000049d8000 	/System/Library/Frameworks/CoreServices.framework/Versions/A/Frameworks/DictionaryServices.framework/Versions/A/DictionaryServices
0x00000000049d8000 	/System/Library/Frameworks/CoreServices.framework/Versions/A/Frameworks/SharedFileList.framework/Versions/A/SharedFileList
0x00000000049d8000 	/System/Library/Frameworks/NetFS.framework/Versions/A/NetFS
0x00000000049d8000 	/System/Library/PrivateFrameworks/NetAuth.framework/Versions/A/NetAuth
0x00000000049d8000 	/System/Library/PrivateFrameworks/login.framework/Versions/A/Frameworks/loginsupport.framework/Versions/A/loginsupport
0x00000000049d8000 	/System/Library/PrivateFrameworks/TCC.framework/Versions/A/TCC
0x00000000049d8000 	/usr/lib/libmecabra.dylib
0x00000000049d8000 	/System/Library/Frameworks/ApplicationServices.framework/Versions/A/Frameworks/ATS.framework/Versions/A/ATS
0x00000000049d8000 	/System/Library/Frameworks/ApplicationServices.framework/Versions/A/Frameworks/ColorSync.framework/Versions/A/ColorSync
0x00000000049d8000 	/System/Library/Frameworks/ApplicationServices.framework/Versions/A/Frameworks/HIServices.framework/Versions/A/HIServices
0x00000000049d8000 	/System/Library/Frameworks/ApplicationServices.framework/Versions/A/Frameworks/LangAnalysis.framework/Versions/A/LangAnalysis
0x00000000049d8000 	/System/Library/Frameworks/ApplicationServices.framework/Versions/A/Frameworks/PrintCore.framework/Versions/A/PrintCore
0x00000000049d8000 	/System/Library/Frameworks/ApplicationServices.framework/Versions/A/Frameworks/QD.framework/Versions/A/QD
0x00000000049d8000 	/System/Library/Frameworks/ApplicationServices.framework/Versions/A/Frameworks/SpeechSynthesis.framework/Versions/A/SpeechSynthesis
0x00000000049d8000 	/System/Library/Frameworks/Metal.framework/Versions/A/Metal
0x00000000049d8000 	/System/Library/Frameworks/Accelerate.framework/Versions/A/Frameworks/vImage.framework/Versions/A/vImage
0x00000000049d8000 	/System/Library/Frameworks/Accelerate.framework/Versions/A/Frameworks/vecLib.framework/Versions/A/vecLib
0x00000000049d8000 	/System/Library/Frameworks/Accelerate.framework/Versions/A/Frameworks/vecLib.framework/Versions/A/libvDSP.dylib
0x00000000049d8000 	/System/Library/Frameworks/Accelerate.framework/Versions/A/Frameworks/vecLib.framework/Versions/A/libvMisc.dylib
0x00000000049d8000 	/System/Library/Frameworks/Accelerate.framework/Versions/A/Frameworks/vecLib.framework/Versions/A/libLAPACK.dylib
0x00000000049d8000 	/System/Library/Frameworks/Accelerate.framework/Versions/A/Frameworks/vecLib.framework/Versions/A/libBLAS.dylib
0x00000000049d8000 	/System/Library/Frameworks/Accelerate.framework/Versions/A/Frameworks/vecLib.framework/Versions/A/libLinearAlgebra.dylib
0x00000000049d8000 	/System/Library/Frameworks/Accelerate.framework/Versions/A/Frameworks/vecLib.framework/Versions/A/libSparseBLAS.dylib
0x00000000049d8000 	/System/Library/PrivateFrameworks/GPUCompiler.framework/libmetal_timestamp.dylib
0x00000000049d8000 	/System/Library/Frameworks/OpenGL.framework/Versions/A/Libraries/libCoreFSCache.dylib
0x00000000049d8000 	/System/Library/PrivateFrameworks/IOAccelerator.framework/Versions/A/IOAccelerator
0x00000000049d8000 	/System/Library/Frameworks/ApplicationServices.framework/Versions/A/Frameworks/ATS.framework/Versions/A/Resources/libFontParser.dylib
0x00000000049d8000 	/System/Library/Frameworks/ApplicationServices.framework/Versions/A/Frameworks/ATS.framework/Versions/A/Resources/libFontRegistry.dylib
0x00000000049d8000 	/System/Library/PrivateFrameworks/AppleVPA.framework/Versions/A/AppleVPA
0x00000000049d8000 	/System/Library/PrivateFrameworks/AppleJPEG.framework/Versions/A/AppleJPEG
0x00000000049d8000 	/System/Library/Frameworks/ImageIO.framework/Versions/A/Resources/libJPEG.dylib
0x00000000049d8000 	/System/Library/Frameworks/ImageIO.framework/Versions/A/Resources/libTIFF.dylib
0x00000000049d8000 	/System/Library/Frameworks/ImageIO.framework/Versions/A/Resources/libPng.dylib
0x00000000049d8000 	/System/Library/Frameworks/ImageIO.framework/Versions/A/Resources/libGIF.dylib
0x00000000049d8000 	/System/Library/Frameworks/ImageIO.framework/Versions/A/Resources/libJP2.dylib
0x00000000049d8000 	/System/Library/Frameworks/ImageIO.framework/Versions/A/Resources/libRadiance.dylib
0x00000000049d8000 	/System/Library/Frameworks/CoreVideo.framework/Versions/A/CoreVideo
0x00000000049d8000 	/System/Library/Frameworks/OpenGL.framework/Versions/A/Libraries/libGLU.dylib
0x00000000049d8000 	/System/Library/Frameworks/OpenGL.framework/Versions/A/Libraries/libGFXShared.dylib
0x00000000049d8000 	/System/Library/Frameworks/OpenGL.framework/Versions/A/Libraries/libGL.dylib
0x00000000049d8000 	/System/Library/Frameworks/OpenGL.framework/Versions/A/Libraries/libGLImage.dylib
0x00000000049d8000 	/System/Library/Frameworks/OpenGL.framework/Versions/A/Libraries/libCVMSPluginSupport.dylib
0x00000000049d8000 	/System/Library/Frameworks/OpenGL.framework/Versions/A/Libraries/libCoreVMClient.dylib
0x00000000049d8000 	/usr/lib/libcups.2.dylib
0x00000000049d8000 	/System/Library/Frameworks/Kerberos.framework/Versions/A/Kerberos
0x00000000049d8000 	/System/Library/Frameworks/GSS.framework/Versions/A/GSS
0x00000000049d8000 	/usr/lib/libresolv.9.dylib
0x00000000049d8000 	/usr/lib/libiconv.2.dylib
0x00000000049d8000 	/System/Library/PrivateFrameworks/Heimdal.framework/Versions/A/Heimdal
0x00000000049d8000 	/usr/lib/libheimdal-asn1.dylib
0x00000000049d8000 	/System/Library/Frameworks/OpenDirectory.framework/Versions/A/OpenDirectory
0x00000000049d8000 	/System/Library/PrivateFrameworks/CommonAuth.framework/Versions/A/CommonAuth
0x00000000049d8000 	/System/Library/Frameworks/OpenDirectory.framework/Versions/A/Frameworks/CFOpenDirectory.framework/Versions/A/CFOpenDirectory
0x00000000049d8000 	/System/Library/Frameworks/SecurityFoundation.framework/Versions/A/SecurityFoundation
0x00000000049d8000 	/System/Library/PrivateFrameworks/LanguageModeling.framework/Versions/A/LanguageModeling
0x00000000049d8000 	/usr/lib/libmarisa.dylib
0x00000000049d8000 	/usr/lib/libChineseTokenizer.dylib
0x00000000049d8000 	/usr/lib/libcmph.dylib
0x00000000049d8000 	/usr/lib/libcompression.dylib
0x00000000049d8000 	/System/Library/Frameworks/ServiceManagement.framework/Versions/A/ServiceManagement
0x00000000049d8000 	/usr/lib/libxslt.1.dylib
0x00000000049d8000 	/System/Library/Frameworks/Carbon.framework/Versions/A/Frameworks/Ink.framework/Versions/A/Ink
0x00000000049d8000 	/usr/lib/libFosl_dynamic.dylib
0x00000000049d8000 	/System/Library/PrivateFrameworks/FaceCore.framework/Versions/A/FaceCore
0x00000000049d8000 	/System/Library/Frameworks/OpenCL.framework/Versions/A/OpenCL
0x00000000049d8000 	/System/Library/PrivateFrameworks/CrashReporterSupport.framework/Versions/A/CrashReporterSupport
0x00000000049d8000 	/System/Library/PrivateFrameworks/IconServices.framework/Versions/A/IconServices
0x00000000049d8000 	/System/Library/PrivateFrameworks/Apple80211.framework/Versions/A/Apple80211
0x00000000049d8000 	/System/Library/Frameworks/CoreWLAN.framework/Versions/A/CoreWLAN
0x00000000049d8000 	/System/Library/Frameworks/IOBluetooth.framework/Versions/A/IOBluetooth
0x00000000049d8000 	/System/Library/PrivateFrameworks/CoreWiFi.framework/Versions/A/CoreWiFi
0x00000000049d8000 	/System/Library/Frameworks/CoreBluetooth.framework/Versions/A/CoreBluetooth
0x00000000049d8000 	/System/Library/PrivateFrameworks/ChunkingLibrary.framework/Versions/A/ChunkingLibrary
0x00000000049d8000 	/System/Library/PrivateFrameworks/DebugSymbols.framework/Versions/A/DebugSymbols
0x00000000049d8000 	/System/Library/PrivateFrameworks/CoreSymbolication.framework/Versions/A/CoreSymbolication
0x00000000049d8000 	/System/Library/PrivateFrameworks/Symbolication.framework/Versions/A/Symbolication
0x00000000049d8000 	/System/Library/PrivateFrameworks/SpeechRecognitionCore.framework/Versions/A/SpeechRecognitionCore
0x0000000101cbe000 	/Library/Java/JavaVirtualMachines/jdk1.7.0_79.jdk/Contents/Home/jre/lib/server/libjvm.dylib
0x00000000049d8000 	/usr/lib/libstdc++.6.dylib
0x0000000102725000 	/Library/Java/JavaVirtualMachines/jdk1.7.0_79.jdk/Contents/Home/jre/lib/libverify.dylib
0x0000000102732000 	/Library/Java/JavaVirtualMachines/jdk1.7.0_79.jdk/Contents/Home/jre/lib/libjava.dylib
0x000000010276c000 	/Library/Java/JavaVirtualMachines/jdk1.7.0_79.jdk/Contents/Home/jre/lib/libzip.dylib
0x000000010a1ea000 	/System/Library/Frameworks/JavaVM.framework/Frameworks/JavaRuntimeSupport.framework/JavaRuntimeSupport
0x000000010a205000 	/System/Library/Frameworks/JavaVM.framework/Versions/A/Frameworks/JavaNativeFoundation.framework/Versions/A/JavaNativeFoundation
0x000000010a21a000 	/System/Library/Frameworks/JavaVM.framework/Versions/A/JavaVM
0x00000000049d8000 	/System/Library/Frameworks/Carbon.framework/Versions/A/Carbon
0x000000010a227000 	/System/Library/PrivateFrameworks/JavaLaunching.framework/Versions/A/JavaLaunching
0x00000000049d8000 	/System/Library/Frameworks/Carbon.framework/Versions/A/Frameworks/CommonPanels.framework/Versions/A/CommonPanels
0x00000000049d8000 	/System/Library/Frameworks/Carbon.framework/Versions/A/Frameworks/Help.framework/Versions/A/Help
0x00000000049d8000 	/System/Library/Frameworks/Carbon.framework/Versions/A/Frameworks/ImageCapture.framework/Versions/A/ImageCapture
0x00000000049d8000 	/System/Library/Frameworks/Carbon.framework/Versions/A/Frameworks/OpenScripting.framework/Versions/A/OpenScripting
0x00000000049d8000 	/System/Library/Frameworks/Carbon.framework/Versions/A/Frameworks/Print.framework/Versions/A/Print
0x00000000049d8000 	/System/Library/Frameworks/Carbon.framework/Versions/A/Frameworks/SecurityHI.framework/Versions/A/SecurityHI
0x000000010bd73000 	/Library/Java/JavaVirtualMachines/jdk1.7.0_79.jdk/Contents/Home/jre/lib/libnet.dylib
0x000000010bdd1000 	/Library/Java/JavaVirtualMachines/jdk1.7.0_79.jdk/Contents/Home/jre/lib/libnio.dylib
0x000000010bde0000 	/Users/baidu/.gradle/native/19/osx-amd64/libnative-platform.dylib
0x000000010bd00000 	/Library/Java/JavaVirtualMachines/jdk1.7.0_79.jdk/Contents/Home/jre/lib/libmanagement.dylib
0x000000010bffa000 	/Library/Java/JavaVirtualMachines/jdk1.7.0_79.jdk/Contents/Home/jre/lib/libsunec.dylib

VM Arguments:
jvm_args: -XX:MaxPermSize=256m -XX:+HeapDumpOnOutOfMemoryError -Xmx1024m -Dfile.encoding=UTF-8 -Duser.country=US -Duser.language=en -Duser.variant 
java_command: org.gradle.launcher.daemon.bootstrap.GradleDaemon 2.10
Launcher Type: SUN_STANDARD

Environment Variables:
PATH=/usr/bin:/bin:/usr/sbin:/sbin
SHELL=/bin/zsh

Signal Handlers:
SIGSEGV: [libjvm.dylib+0x52daf1], sa_mask[0]=0xfffefeff, sa_flags=0x00000043
SIGBUS: [libjvm.dylib+0x52daf1], sa_mask[0]=0xfffefeff, sa_flags=0x00000042
SIGFPE: [libjvm.dylib+0x41f34e], sa_mask[0]=0xfffefeff, sa_flags=0x00000042
SIGPIPE: [libjvm.dylib+0x41f34e], sa_mask[0]=0xfffefeff, sa_flags=0x00000042
SIGXFSZ: [libjvm.dylib+0x41f34e], sa_mask[0]=0xfffefeff, sa_flags=0x00000042
SIGILL: [libjvm.dylib+0x41f34e], sa_mask[0]=0xfffefeff, sa_flags=0x00000042
SIGUSR1: SIG_DFL, sa_mask[0]=0x00000000, sa_flags=0x00000000
SIGUSR2: [libjvm.dylib+0x41ee40], sa_mask[0]=0x00000004, sa_flags=0x00000042
SIGHUP: [libjvm.dylib+0x41d0d1], sa_mask[0]=0xfffefeff, sa_flags=0x00000042
SIGINT: [libjvm.dylib+0x41d0d1], sa_mask[0]=0xfffefeff, sa_flags=0x00000042
SIGTERM: [libjvm.dylib+0x41d0d1], sa_mask[0]=0xfffefeff, sa_flags=0x00000042
SIGQUIT: [libjvm.dylib+0x41d0d1], sa_mask[0]=0xfffefeff, sa_flags=0x00000042


---------------  S Y S T E M  ---------------

OS:Bsduname:Darwin 15.2.0 Darwin Kernel Version 15.2.0: Fri Nov 13 19:56:56 PST 2015; root:xnu-3248.20.55~2/RELEASE_X86_64 x86_64
rlimit: STACK 8192k, CORE 0k, NPROC 709, NOFILE 10240, AS infinity
load average:2.95 3.12 3.64

CPU:total 4 (2 cores per cpu, 2 threads per core) family 6 model 61 stepping 4, cmov, cx8, fxsr, mmx, sse, sse2, sse3, ssse3, sse4.1, sse4.2, popcnt, avx, avx2, aes, erms, ht, tsc, tscinvbit

Memory: 4k page, physical 8388608k(2097152k free)

/proc/meminfo:


vm_info: Java HotSpot(TM) 64-Bit Server VM (24.79-b02) for bsd-amd64 JRE (1.7.0_79-b15), built on Apr 10 2015 11:35:04 by "java_re" with gcc 4.2.1 (Based on Apple Inc. build 5658) (LLVM build 2336.11.00)

time: Wed Aug 10 10:35:04 2016
elapsed time: 109 seconds

