#
# A fatal error has been detected by the Java Runtime Environment:
#
#  SIGSEGV (0xb) at pc=0x00007fff94895f49, pid=2251, tid=24147
#
# JRE version: Java(TM) SE Runtime Environment (7.0_79-b15) (build 1.7.0_79-b15)
# Java VM: Java HotSpot(TM) 64-Bit Server VM (24.79-b02 mixed mode bsd-amd64 compressed oops)
# Problematic frame:
# C  [libsystem_platform.dylib+0x4f49]  _platform_memmove$VARIANT$Haswell+0x29
#
# Failed to write core dump. Core dumps have been disabled. To enable core dumping, try "ulimit -c unlimited" before starting Java again
#
# If you would like to submit a bug report, please visit:
#   http://bugreport.java.com/bugreport/crash.jsp
# The crash happened outside the Java Virtual Machine in native code.
# See problematic frame for where to report the bug.
#

---------------  T H R E A D  ---------------

Current thread (0x00007fc8a47f4800):  JavaThread "Daemon worker Thread 8" [_thread_in_native, id=24147, stack(0x00007000012d3000,0x00007000013d3000)]

siginfo:si_signo=SIGSEGV: si_errno=0, si_code=1 (SEGV_MAPERR), si_addr=0x000000010c843000

Registers:
RAX=0x00007fc8a4292200, RBX=0x000000010c841444, RCX=0x00000000000025c6, RDX=0x0000000000004154
RSP=0x00007000013cf560, RBP=0x00007000013cf560, RSI=0x000000010c843000, RDI=0x00007fc8a4293d8e
R8 =0x0000000000000000, R9 =0x000000000000001f, R10=0x000000000bdd9fe8, R11=0x00007fc797a50d8e
R12=0x0000000000000000, R13=0x00000000616a2f73, R14=0x00000000454d0000, R15=0x000000000000492d
RIP=0x00007fff94895f49, EFLAGS=0x0000000000010202, ERR=0x0000000000000004
  TRAPNO=0x000000000000000e

Top of Stack: (sp=0x00007000013cf560)
0x00007000013cf560:   00007000013cf5d0 00000001032a622b
0x00007000013cf570:   0000002d013cf5c0 0000000000000049
0x00007000013cf580:   000000000000464e 00007fc8a4292200
0x00007000013cf590:   0000000000004154 00007fc8a54178e0
0x00007000013cf5a0:   00007fc8a5590ef0 00000000497fa543
0x00007000013cf5b0:   0000000000000090 00007fc8a5417a80
0x00007000013cf5c0:   00007fc8a54178e0 00007fc8a52ac6c0
0x00007000013cf5d0:   00007000013cf620 00000001032a6725
0x00007000013cf5e0:   0000000000000037 00000037a47f4800
0x00007000013cf5f0:   00007000013cf63e 00007000013cfa88
0x00007000013cf600:   0000000000000037 00007000013cf63e
0x00007000013cf610:   00007fc8a54178e0 00007fc8a47f49e8
0x00007000013cf620:   00007000013cfa70 00000001032a5570
0x00007000013cf630:   00000000000000bd 454d700000000001
0x00007000013cf640:   732f464e492d4154 2f73656369767265
0x00007000013cf650:   6e612e786176616a 6e6f697461746f6e
0x00007000013cf660:   737365636f72702e 636f72502e676e69
0x00007000013cf670:   000000726f737365 00000007b029e6f0
0x00007000013cf680:   00000007b361c4d8 000000010029d7a0
0x00007000013cf690:   0000000000000000 00000007b00e21d8
0x00007000013cf6a0:   00007fc8a47f4800 00007fc8a47f4800
0x00007000013cf6b0:   00007000013cf6e0 0000000000000000
0x00007000013cf6c0:   0000000000000001 00000007b029d753
0x00007000013cf6d0:   00000007ef975548 00007fc8a47f4800
0x00007000013cf6e0:   0000000000000004 00000007ef975548
0x00007000013cf6f0:   0000000000000004 00007fc8a541e1a0
0x00007000013cf700:   00007000013cf750 000000010289a013
0x00007000013cf710:   00007fc8a47f4800 0000000000000001
0x00007000013cf720:   00007000013cf750 0000000000000002
0x00007000013cf730:   0000000000000004 00000007b00e21d8
0x00007000013cf740:   00007fc8a47f4800 0000000000000005
0x00007000013cf750:   00007000013cf7a0 0000000102aa6806 

Instructions: (pc=0x00007fff94895f49)
0x00007fff94895f29:   f3 48 89 f8 49 39 d3 72 1b 48 83 fa 60 76 2f 48
0x00007fff94895f39:   81 fa 00 40 00 00 0f 82 bb 00 00 00 48 89 d1 fc
0x00007fff94895f49:   f3 a4 5d c3 48 39 fe 74 f9 48 01 d6 48 01 d7 48
0x00007fff94895f59:   83 fa 60 0f 82 5c 01 00 00 e9 79 01 00 00 48 83 

Register to memory mapping:

RAX=0x00007fc8a4292200 is an unknown value
RBX=0x000000010c841444 is an unknown value
RCX=0x00000000000025c6 is an unknown value
RDX=0x0000000000004154 is an unknown value
RSP=0x00007000013cf560 is pointing into the stack for thread: 0x00007fc8a47f4800
RBP=0x00007000013cf560 is pointing into the stack for thread: 0x00007fc8a47f4800
RSI=0x000000010c843000 is an unknown value
RDI=0x00007fc8a4293d8e is an unknown value
R8 =0x0000000000000000 is an unknown value
R9 =0x000000000000001f is an unknown value
R10=0x000000000bdd9fe8 is an unknown value
R11=0x00007fc797a50d8e is an unknown value
R12=0x0000000000000000 is an unknown value
R13=0x00000000616a2f73 is an unknown value
R14=0x00000000454d0000 is an unknown value
R15=0x000000000000492d is an unknown value


Stack: [0x00007000012d3000,0x00007000013d3000],  sp=0x00007000013cf560,  free space=1009k
Native frames: (J=compiled Java code, j=interpreted, Vv=VM code, C=native code)
C  [libsystem_platform.dylib+0x4f49]  _platform_memmove$VARIANT$Haswell+0x29
C  [libzip.dylib+0x322b]  newEntry+0x2c8
C  [libzip.dylib+0x3725]  ZIP_GetEntry+0xa2
C  [libzip.dylib+0x2570]  Java_java_util_zip_ZipFile_getEntry+0xdd
J 63  java.util.zip.ZipFile.getEntry(J[BZ)J (0 bytes) @ 0x0000000103c8388e [0x0000000103c837c0+0xce]

Java frames: (J=compiled Java code, j=interpreted, Vv=VM code)
J 63  java.util.zip.ZipFile.getEntry(J[BZ)J (0 bytes) @ 0x0000000103c83818 [0x0000000103c837c0+0x58]
J 147 C2 java.util.zip.ZipFile.getEntry(Ljava/lang/String;)Ljava/util/zip/ZipEntry; (86 bytes) @ 0x0000000103cbcb98 [0x0000000103cbcac0+0xd8]
J 148 C2 java.util.jar.JarFile.getEntry(Ljava/lang/String;)Ljava/util/zip/ZipEntry; (22 bytes) @ 0x0000000103cbf458 [0x0000000103cbf420+0x38]
j  sun.net.www.protocol.jar.URLJarFile.getEntry(Ljava/lang/String;)Ljava/util/zip/ZipEntry;+2
j  sun.net.www.protocol.jar.JarURLConnection.connect()V+62
j  sun.net.www.protocol.jar.JarURLConnection.getInputStream()Ljava/io/InputStream;+1
j  java.net.URL.openStream()Ljava/io/InputStream;+4
j  java.util.ServiceLoader.parse(Ljava/lang/Class;Ljava/net/URL;)Ljava/util/Iterator;+15
j  java.util.ServiceLoader.access$200(Ljava/util/ServiceLoader;Ljava/lang/Class;Ljava/net/URL;)Ljava/util/Iterator;+3
j  java.util.ServiceLoader$LazyIterator.hasNext()Z+140
j  java.util.ServiceLoader$1.hasNext()Z+21
j  com.sun.tools.javac.processing.JavacProcessingEnvironment$ServiceIterator.hasNext()Z+4
j  com.sun.tools.javac.processing.JavacProcessingEnvironment$DiscoveredProcessors$ProcessorStateIterator.hasNext()Z+39
j  com.sun.tools.javac.processing.JavacProcessingEnvironment.atLeastOneProcessor()Z+7
j  com.sun.tools.javac.main.JavaCompiler.initProcessAnnotations(Ljava/lang/Iterable;)V+52
j  com.sun.tools.javac.main.JavaCompiler.compile(Lcom/sun/tools/javac/util/List;Lcom/sun/tools/javac/util/List;Ljava/lang/Iterable;)V+127
j  com.sun.tools.javac.main.Main.compile([Ljava/lang/String;[Ljava/lang/String;Lcom/sun/tools/javac/util/Context;Lcom/sun/tools/javac/util/List;Ljava/lang/Iterable;)I+761
j  com.sun.tools.javac.api.JavacTaskImpl.call()Ljava/lang/Boolean;+59
j  org.gradle.api.internal.tasks.compile.JdkJavaCompiler.execute(Lorg/gradle/api/internal/tasks/compile/JavaCompileSpec;)Lorg/gradle/api/tasks/WorkResult;+17
j  org.gradle.api.internal.tasks.compile.JdkJavaCompiler.execute(Lorg/gradle/language/base/internal/compile/CompileSpec;)Lorg/gradle/api/tasks/WorkResult;+5
j  org.gradle.api.internal.tasks.compile.NormalizingJavaCompiler.delegateAndHandleErrors(Lorg/gradle/api/internal/tasks/compile/JavaCompileSpec;)Lorg/gradle/api/tasks/WorkResult;+5
j  org.gradle.api.internal.tasks.compile.NormalizingJavaCompiler.execute(Lorg/gradle/api/internal/tasks/compile/JavaCompileSpec;)Lorg/gradle/api/tasks/WorkResult;+27
j  org.gradle.api.internal.tasks.compile.NormalizingJavaCompiler.execute(Lorg/gradle/language/base/internal/compile/CompileSpec;)Lorg/gradle/api/tasks/WorkResult;+5
j  org.gradle.api.internal.tasks.compile.CleaningJavaCompilerSupport.execute(Lorg/gradle/api/internal/tasks/compile/JavaCompileSpec;)Lorg/gradle/api/tasks/WorkResult;+37
j  org.gradle.api.internal.tasks.compile.CleaningJavaCompilerSupport.execute(Lorg/gradle/language/base/internal/compile/CompileSpec;)Lorg/gradle/api/tasks/WorkResult;+5
j  org.gradle.api.tasks.compile.JavaCompile.performCompilation(Lorg/gradle/api/internal/tasks/compile/JavaCompileSpec;Lorg/gradle/language/base/internal/compile/Compiler;)V+2
j  org.gradle.api.tasks.compile.JavaCompile.compile()V+12
j  org.gradle.api.tasks.compile.JavaCompile.compile(Lorg/gradle/api/tasks/incremental/IncrementalTaskInputs;)V+11
j  com.android.build.gradle.tasks.factory.AndroidJavaCompile.compile(Lorg/gradle/api/tasks/incremental/IncrementalTaskInputs;)V+87
j  sun.reflect.GeneratedMethodAccessor511.invoke(Ljava/lang/Object;[Ljava/lang/Object;)Ljava/lang/Object;+40
J 1992 C2 org.gradle.internal.reflect.JavaMethod.invoke(Ljava/lang/Object;[Ljava/lang/Object;)Ljava/lang/Object; (74 bytes) @ 0x0000000104122be4 [0x0000000104122b40+0xa4]
j  org.gradle.api.internal.project.taskfactory.AnnotationProcessingTaskFactory$IncrementalTaskAction.doExecute(Lorg/gradle/api/Task;Ljava/lang/String;)V+35
j  org.gradle.api.internal.project.taskfactory.AnnotationProcessingTaskFactory$StandardTaskAction.execute(Lorg/gradle/api/Task;)V+32
j  org.gradle.api.internal.project.taskfactory.AnnotationProcessingTaskFactory$IncrementalTaskAction.execute(Lorg/gradle/api/Task;)V+2
j  org.gradle.api.internal.project.taskfactory.AnnotationProcessingTaskFactory$StandardTaskAction.execute(Ljava/lang/Object;)V+5
j  org.gradle.api.internal.tasks.execution.ExecuteActionsTaskExecuter.executeAction(Lorg/gradle/api/internal/TaskInternal;Lorg/gradle/api/internal/tasks/ContextAwareTaskAction;Lorg/gradle/api/internal/tasks/TaskExecutionContext;)V+9
j  org.gradle.api.internal.tasks.execution.ExecuteActionsTaskExecuter.executeActions(Lorg/gradle/api/internal/TaskInternal;Lorg/gradle/api/internal/tasks/TaskStateInternal;Lorg/gradle/api/internal/tasks/TaskExecutionContext;)Lorg/gradle/api/GradleException;+79
j  org.gradle.api.internal.tasks.execution.ExecuteActionsTaskExecuter.execute(Lorg/gradle/api/internal/TaskInternal;Lorg/gradle/api/internal/tasks/TaskStateInternal;Lorg/gradle/api/internal/tasks/TaskExecutionContext;)V+19
j  org.gradle.api.internal.tasks.execution.PostExecutionAnalysisTaskExecuter.execute(Lorg/gradle/api/internal/TaskInternal;Lorg/gradle/api/internal/tasks/TaskStateInternal;Lorg/gradle/api/internal/tasks/TaskExecutionContext;)V+7
j  org.gradle.api.internal.tasks.execution.SkipUpToDateTaskExecuter.execute(Lorg/gradle/api/internal/TaskInternal;Lorg/gradle/api/internal/tasks/TaskStateInternal;Lorg/gradle/api/internal/tasks/TaskExecutionContext;)V+133
j  org.gradle.api.internal.tasks.execution.ValidatingTaskExecuter.execute(Lorg/gradle/api/internal/TaskInternal;Lorg/gradle/api/internal/tasks/TaskStateInternal;Lorg/gradle/api/internal/tasks/TaskExecutionContext;)V+215
j  org.gradle.api.internal.tasks.execution.SkipEmptySourceFilesTaskExecuter.execute(Lorg/gradle/api/internal/TaskInternal;Lorg/gradle/api/internal/tasks/TaskStateInternal;Lorg/gradle/api/internal/tasks/TaskExecutionContext;)V+111
j  org.gradle.api.internal.tasks.execution.SkipTaskWithNoActionsExecuter.execute(Lorg/gradle/api/internal/TaskInternal;Lorg/gradle/api/internal/tasks/TaskStateInternal;Lorg/gradle/api/internal/tasks/TaskExecutionContext;)V+110
j  org.gradle.api.internal.tasks.execution.SkipOnlyIfTaskExecuter.execute(Lorg/gradle/api/internal/TaskInternal;Lorg/gradle/api/internal/tasks/TaskStateInternal;Lorg/gradle/api/internal/tasks/TaskExecutionContext;)V+84
j  org.gradle.api.internal.tasks.execution.ExecuteAtMostOnceTaskExecuter.execute(Lorg/gradle/api/internal/TaskInternal;Lorg/gradle/api/internal/tasks/TaskStateInternal;Lorg/gradle/api/internal/tasks/TaskExecutionContext;)V+26
j  org.gradle.execution.taskgraph.DefaultTaskGraphExecuter$EventFiringTaskWorker.execute(Lorg/gradle/api/internal/TaskInternal;)V+106
j  org.gradle.execution.taskgraph.DefaultTaskGraphExecuter$EventFiringTaskWorker.execute(Ljava/lang/Object;)V+5
j  org.gradle.execution.taskgraph.AbstractTaskPlanExecutor$TaskExecutorWorker.processTask(Lorg/gradle/execution/taskgraph/TaskInfo;)V+8
j  org.gradle.execution.taskgraph.AbstractTaskPlanExecutor$TaskExecutorWorker.run()V+56
j  org.gradle.execution.taskgraph.DefaultTaskPlanExecutor.process(Lorg/gradle/execution/taskgraph/TaskExecutionPlan;Lorg/gradle/api/Action;)V+6
j  org.gradle.execution.taskgraph.DefaultTaskGraphExecuter.execute()V+65
j  org.gradle.execution.SelectedTaskExecutionAction.execute(Lorg/gradle/execution/BuildExecutionContext;)V+55
j  org.gradle.execution.DefaultBuildExecuter.execute(Lorg/gradle/api/internal/GradleInternal;I)V+37
j  org.gradle.execution.DefaultBuildExecuter.access$000(Lorg/gradle/execution/DefaultBuildExecuter;Lorg/gradle/api/internal/GradleInternal;I)V+3
j  org.gradle.execution.DefaultBuildExecuter$1.proceed()V+14
j  org.gradle.execution.DryRunBuildExecutionAction.execute(Lorg/gradle/execution/BuildExecutionContext;)V+68
j  org.gradle.execution.DefaultBuildExecuter.execute(Lorg/gradle/api/internal/GradleInternal;I)V+37
j  org.gradle.execution.DefaultBuildExecuter.execute(Lorg/gradle/api/internal/GradleInternal;)V+3
j  org.gradle.initialization.DefaultGradleLauncher$4.run()V+14
j  org.gradle.internal.Factories$1.create()Ljava/lang/Object;+4
j  org.gradle.internal.progress.DefaultBuildOperationExecutor.run(Lorg/gradle/internal/progress/BuildOperationDetails;Lorg/gradle/internal/Factory;)Ljava/lang/Object;+171
j  org.gradle.internal.progress.DefaultBuildOperationExecutor.run(Ljava/lang/String;Ljava/lang/Runnable;)V+12
j  org.gradle.initialization.DefaultGradleLauncher.doBuildStages(Lorg/gradle/initialization/DefaultGradleLauncher$Stage;)V+85
j  org.gradle.initialization.DefaultGradleLauncher.access$200(Lorg/gradle/initialization/DefaultGradleLauncher;Lorg/gradle/initialization/DefaultGradleLauncher$Stage;)V+2
j  org.gradle.initialization.DefaultGradleLauncher$1.create()Lorg/gradle/BuildResult;+29
j  org.gradle.initialization.DefaultGradleLauncher$1.create()Ljava/lang/Object;+1
j  org.gradle.internal.progress.DefaultBuildOperationExecutor.run(Lorg/gradle/internal/progress/BuildOperationDetails;Lorg/gradle/internal/Factory;)Ljava/lang/Object;+171
j  org.gradle.internal.progress.DefaultBuildOperationExecutor.run(Ljava/lang/String;Lorg/gradle/internal/Factory;)Ljava/lang/Object;+9
j  org.gradle.initialization.DefaultGradleLauncher.doBuild(Lorg/gradle/initialization/DefaultGradleLauncher$Stage;)Lorg/gradle/BuildResult;+25
j  org.gradle.initialization.DefaultGradleLauncher.run()Lorg/gradle/BuildResult;+4
j  org.gradle.launcher.exec.InProcessBuildActionExecuter$DefaultBuildController.run()Lorg/gradle/api/internal/GradleInternal;+4
j  org.gradle.tooling.internal.provider.runner.BuildModelActionRunner.run(Lorg/gradle/internal/invocation/BuildAction;Lorg/gradle/internal/invocation/BuildController;)V+29
j  org.gradle.launcher.exec.ChainingBuildActionRunner.run(Lorg/gradle/internal/invocation/BuildAction;Lorg/gradle/internal/invocation/BuildController;)V+34
j  org.gradle.tooling.internal.provider.runner.SubscribableBuildActionRunner.run(Lorg/gradle/internal/invocation/BuildAction;Lorg/gradle/internal/invocation/BuildController;)V+37
j  org.gradle.launcher.exec.ChainingBuildActionRunner.run(Lorg/gradle/internal/invocation/BuildAction;Lorg/gradle/internal/invocation/BuildController;)V+34
j  org.gradle.launcher.exec.InProcessBuildActionExecuter.execute(Lorg/gradle/internal/invocation/BuildAction;Lorg/gradle/initialization/BuildRequestContext;Lorg/gradle/launcher/exec/BuildActionParameters;Lorg/gradle/internal/service/ServiceRegistry;)Ljava/lang/Object;+63
j  org.gradle.launcher.exec.InProcessBuildActionExecuter.execute(Lorg/gradle/internal/invocation/BuildAction;Lorg/gradle/initialization/BuildRequestContext;Ljava/lang/Object;Lorg/gradle/internal/service/ServiceRegistry;)Ljava/lang/Object;+9
j  org.gradle.launcher.exec.ContinuousBuildActionExecuter.execute(Lorg/gradle/internal/invocation/BuildAction;Lorg/gradle/initialization/BuildRequestContext;Lorg/gradle/launcher/exec/BuildActionParameters;Lorg/gradle/internal/service/ServiceRegistry;)Ljava/lang/Object;+70
j  org.gradle.launcher.exec.ContinuousBuildActionExecuter.execute(Lorg/gradle/internal/invocation/BuildAction;Lorg/gradle/initialization/BuildRequestContext;Ljava/lang/Object;Lorg/gradle/internal/service/ServiceRegistry;)Ljava/lang/Object;+9
j  org.gradle.launcher.daemon.server.exec.ExecuteBuild.doBuild(Lorg/gradle/launcher/daemon/server/api/DaemonCommandExecution;Lorg/gradle/launcher/daemon/protocol/Build;)V+74
j  org.gradle.launcher.daemon.server.exec.BuildCommandOnly.execute(Lorg/gradle/launcher/daemon/server/api/DaemonCommandExecution;)V+49
j  org.gradle.launcher.daemon.server.api.DaemonCommandExecution.proceed()Z+28
j  org.gradle.launcher.daemon.server.exec.WatchForDisconnection.execute(Lorg/gradle/launcher/daemon/server/api/DaemonCommandExecution;)V+19
j  org.gradle.launcher.daemon.server.api.DaemonCommandExecution.proceed()Z+28
j  org.gradle.launcher.daemon.server.exec.ResetDeprecationLogger.execute(Lorg/gradle/launcher/daemon/server/api/DaemonCommandExecution;)V+4
j  org.gradle.launcher.daemon.server.api.DaemonCommandExecution.proceed()Z+28
j  org.gradle.launcher.daemon.server.exec.RequestStopIfSingleUsedDaemon.execute(Lorg/gradle/launcher/daemon/server/api/DaemonCommandExecution;)V+31
j  org.gradle.launcher.daemon.server.api.DaemonCommandExecution.proceed()Z+28
j  org.gradle.launcher.daemon.server.exec.ForwardClientInput$2.call()Ljava/lang/Void;+4
j  org.gradle.launcher.daemon.server.exec.ForwardClientInput$2.call()Ljava/lang/Object;+1
j  org.gradle.util.Swapper.swap(Ljava/lang/Object;Ljava/util/concurrent/Callable;)Ljava/lang/Object;+21
j  org.gradle.launcher.daemon.server.exec.ForwardClientInput.execute(Lorg/gradle/launcher/daemon/server/api/DaemonCommandExecution;)V+63
j  org.gradle.launcher.daemon.server.api.DaemonCommandExecution.proceed()Z+28
j  org.gradle.launcher.daemon.server.health.DaemonHealthTracker.execute(Lorg/gradle/launcher/daemon/server/api/DaemonCommandExecution;)V+35
j  org.gradle.launcher.daemon.server.api.DaemonCommandExecution.proceed()Z+28
j  org.gradle.launcher.daemon.server.exec.LogToClient.doBuild(Lorg/gradle/launcher/daemon/server/api/DaemonCommandExecution;Lorg/gradle/launcher/daemon/protocol/Build;)V+97
j  org.gradle.launcher.daemon.server.exec.BuildCommandOnly.execute(Lorg/gradle/launcher/daemon/server/api/DaemonCommandExecution;)V+49
j  org.gradle.launcher.daemon.server.api.DaemonCommandExecution.proceed()Z+28
j  org.gradle.launcher.daemon.server.exec.EstablishBuildEnvironment.doBuild(Lorg/gradle/launcher/daemon/server/api/DaemonCommandExecution;Lorg/gradle/launcher/daemon/protocol/Build;)V+279
j  org.gradle.launcher.daemon.server.exec.BuildCommandOnly.execute(Lorg/gradle/launcher/daemon/server/api/DaemonCommandExecution;)V+49
j  org.gradle.launcher.daemon.server.api.DaemonCommandExecution.proceed()Z+28
j  org.gradle.launcher.daemon.server.health.HintGCAfterBuild.execute(Lorg/gradle/launcher/daemon/server/api/DaemonCommandExecution;)V+1
j  org.gradle.launcher.daemon.server.api.DaemonCommandExecution.proceed()Z+28
j  org.gradle.launcher.daemon.server.exec.StartBuildOrRespondWithBusy$1.run()V+44
j  org.gradle.launcher.daemon.server.DaemonStateCoordinator$1.run()V+4
j  org.gradle.internal.concurrent.ExecutorPolicy$CatchAndRecordFailures.onExecute(Ljava/lang/Runnable;)V+1
j  org.gradle.internal.concurrent.StoppableExecutorImpl$1.run()V+25
j  java.util.concurrent.ThreadPoolExecutor.runWorker(Ljava/util/concurrent/ThreadPoolExecutor$Worker;)V+95
j  java.util.concurrent.ThreadPoolExecutor$Worker.run()V+5
j  java.lang.Thread.run()V+11
v  ~StubRoutines::call_stub

---------------  P R O C E S S  ---------------

Java Threads: ( => current thread )
  0x00007fc8a595b800 JavaThread "process reaper" daemon [_thread_blocked, id=5199, stack(0x0000700000097000,0x00007000000bf000)]
  0x00007fc8a685b000 JavaThread "Keep-Alive-Timer" daemon [_thread_blocked, id=28207, stack(0x00007000014d9000,0x00007000015d9000)]
  0x00007fc8a479a800 JavaThread "Stdin handler" [_thread_blocked, id=26199, stack(0x00007000013d6000,0x00007000014d6000)]
=>0x00007fc8a47f4800 JavaThread "Daemon worker Thread 8" [_thread_in_native, id=24147, stack(0x00007000012d3000,0x00007000013d3000)]
  0x00007fc8a696b000 JavaThread "Cancel handler" [_thread_blocked, id=28723, stack(0x00007000011d0000,0x00007000012d0000)]
  0x00007fc8a595d800 JavaThread "Handler for socket connection from /127.0.0.1:63818 to /127.0.0.1:55165" [_thread_in_native, id=22579, stack(0x00007000010cd000,0x00007000011cd000)]
  0x00007fc8a3853000 JavaThread "Daemon Thread 8" [_thread_blocked, id=19999, stack(0x0000700000932000,0x0000700000a32000)]
  0x00007fc8a4776000 JavaThread "pool-3-thread-4" [_thread_blocked, id=12871, stack(0x0000700001e1f000,0x0000700001f1f000)]
  0x00007fc8a6db3000 JavaThread "pool-3-thread-3" [_thread_blocked, id=27411, stack(0x0000700001d1c000,0x0000700001e1c000)]
  0x00007fc8a7567000 JavaThread "pool-3-thread-2" [_thread_blocked, id=26899, stack(0x0000700001c19000,0x0000700001d19000)]
  0x00007fc8a582c800 JavaThread "pool-3-thread-1" [_thread_blocked, id=24875, stack(0x0000700001b16000,0x0000700001c16000)]
  0x00007fc8a702b000 JavaThread "Tasks limiter_4" daemon [_thread_blocked, id=22307, stack(0x0000700001a13000,0x0000700001b13000)]
  0x00007fc8a732d800 JavaThread "Tasks limiter_3" daemon [_thread_blocked, id=21523, stack(0x0000700001910000,0x0000700001a10000)]
  0x00007fc8a6b69800 JavaThread "Tasks limiter_2" daemon [_thread_blocked, id=25355, stack(0x000070000180d000,0x000070000190d000)]
  0x00007fc8a72c8000 JavaThread "Tasks limiter_1" daemon [_thread_blocked, id=13855, stack(0x000070000170a000,0x000070000180a000)]
  0x00007fc8a4af7000 JavaThread "File lock request listener" [_thread_in_native, id=23043, stack(0x0000700001607000,0x0000700001707000)]
  0x00007fc8a42cd000 JavaThread "Incoming local TCP Connector on port 63818" [_thread_in_native, id=19459, stack(0x0000700000fca000,0x00007000010ca000)]
  0x00007fc8a4820800 JavaThread "Service Thread" daemon [_thread_blocked, id=18435, stack(0x0000700000dc4000,0x0000700000ec4000)]
  0x00007fc8a481f800 JavaThread "C2 CompilerThread1" daemon [_thread_blocked, id=17923, stack(0x0000700000cc1000,0x0000700000dc1000)]
  0x00007fc8a481e000 JavaThread "C2 CompilerThread0" daemon [_thread_blocked, id=17411, stack(0x0000700000bbe000,0x0000700000cbe000)]
  0x00007fc8a4008000 JavaThread "Signal Dispatcher" daemon [_thread_blocked, id=16663, stack(0x0000700000abb000,0x0000700000bbb000)]
  0x00007fc8a3831800 JavaThread "Finalizer" daemon [_thread_blocked, id=12291, stack(0x000070000082f000,0x000070000092f000)]
  0x00007fc8a4802000 JavaThread "Reference Handler" daemon [_thread_blocked, id=11779, stack(0x000070000072c000,0x000070000082c000)]
  0x00007fc8a300b000 JavaThread "main" [_thread_blocked, id=5891, stack(0x000070000011a000,0x000070000021a000)]

Other Threads:
  0x00007fc8a3831000 VMThread [stack: 0x0000700000629000,0x0000700000729000] [id=11267]
  0x00007fc8a383d000 WatcherThread [stack: 0x0000700000ec7000,0x0000700000fc7000] [id=18947]

VM state:not at safepoint (normal execution)

VM Mutex/Monitor currently owned by a thread: None

Heap
 PSYoungGen      total 310272K, used 93385K [0x00000007eaa80000, 0x0000000800000000, 0x0000000800000000)
  eden space 274944K, 29% used [0x00000007eaa80000,0x00000007ef9d4790,0x00000007fb700000)
  from space 35328K, 34% used [0x00000007fd800000,0x00000007fe3ddea0,0x00000007ffa80000)
  to   space 33792K, 0% used [0x00000007fb700000,0x00000007fb700000,0x00000007fd800000)
 ParOldGen       total 116736K, used 38467K [0x00000007c0000000, 0x00000007c7200000, 0x00000007eaa80000)
  object space 116736K, 32% used [0x00000007c0000000,0x00000007c2590c30,0x00000007c7200000)
 PSPermGen       total 97280K, used 63151K [0x00000007b0000000, 0x00000007b5f00000, 0x00000007c0000000)
  object space 97280K, 64% used [0x00000007b0000000,0x00000007b3dabef0,0x00000007b5f00000)

Card table byte_map: [0x0000000106c00000,0x0000000106e81000] byte_map_base: 0x0000000102e80000

Polling page: 0x0000000103299000

Code Cache  [0x0000000103c00000, 0x0000000104950000, 0x0000000106c00000)
 total_blobs=4444 nmethods=3761 adapters=635 free_code_cache=35747Kb largest_free_block=36437888

Compilation events (10 events):
Event: 1880.144 Thread 0x00007fc8a481f800 nmethod 4117 0x0000000104928010 code [0x0000000104928140, 0x0000000104928198]
Event: 1880.145 Thread 0x00007fc8a481e000 nmethod 4116 0x0000000104933690 code [0x00000001049338e0, 0x00000001049343d0]
Event: 1880.158 Thread 0x00007fc8a481f800 4118             com.sun.tools.javac.jvm.ClassReader::sigToTypeParam (220 bytes)
Event: 1880.162 Thread 0x00007fc8a481e000 4119             com.sun.tools.javac.jvm.Code::isAlive (20 bytes)
Event: 1880.162 Thread 0x00007fc8a481e000 nmethod 4119 0x0000000104927290 code [0x00000001049273c0, 0x0000000104927438]
Event: 1880.178 Thread 0x00007fc8a481f800 nmethod 4118 0x0000000104935510 code [0x00000001049357a0, 0x00000001049365d0]
Event: 1880.192 Thread 0x00007fc8a481e000 4120             java.security.Security::getImpl (31 bytes)
Event: 1880.193 Thread 0x00007fc8a481f800 4121   !         com.esotericsoftware.kryo.io.Output::flush (56 bytes)
Event: 1880.194 Thread 0x00007fc8a481f800 nmethod 4121 0x0000000104926f90 code [0x00000001049270e0, 0x00000001049271d8]
Event: 1880.261 Thread 0x00007fc8a481e000 nmethod 4120 0x000000010493af90 code [0x000000010493b300, 0x000000010493d450]

GC Heap History (10 events):
Event: 1750.508 GC heap before
{Heap before GC invocations=45 (full 8):
 PSYoungGen      total 305664K, used 301834K [0x00000007eaa80000, 0x0000000800000000, 0x0000000800000000)
  eden space 271872K, 100% used [0x00000007eaa80000,0x00000007fb400000,0x00000007fb400000)
  from space 33792K, 88% used [0x00000007fdc80000,0x00000007ff9c29c0,0x00000007ffd80000)
  to   space 38912K, 0% used [0x00000007fb400000,0x00000007fb400000,0x00000007fda00000)
 ParOldGen       total 116736K, used 38515K [0x00000007c0000000, 0x00000007c7200000, 0x00000007eaa80000)
  object space 116736K, 32% used [0x00000007c0000000,0x00000007c259ce60,0x00000007c7200000)
 PSPermGen       total 101888K, used 63018K [0x00000007b0000000, 0x00000007b6380000, 0x00000007c0000000)
  object space 101888K, 61% used [0x00000007b0000000,0x00000007b3d8aab8,0x00000007b6380000)
Event: 1750.578 GC heap after
Heap after GC invocations=45 (full 8):
 PSYoungGen      total 310784K, used 5968K [0x00000007eaa80000, 0x0000000800000000, 0x0000000800000000)
  eden space 271872K, 0% used [0x00000007eaa80000,0x00000007eaa80000,0x00000007fb400000)
  from space 38912K, 15% used [0x00000007fb400000,0x00000007fb9d4010,0x00000007fda00000)
  to   space 37376K, 0% used [0x00000007fdb80000,0x00000007fdb80000,0x0000000800000000)
 ParOldGen       total 116736K, used 60362K [0x00000007c0000000, 0x00000007c7200000, 0x00000007eaa80000)
  object space 116736K, 51% used [0x00000007c0000000,0x00000007c3af2ad8,0x00000007c7200000)
 PSPermGen       total 101888K, used 63018K [0x00000007b0000000, 0x00000007b6380000, 0x00000007c0000000)
  object space 101888K, 61% used [0x00000007b0000000,0x00000007b3d8aab8,0x00000007b6380000)
}
Event: 1751.510 GC heap before
{Heap before GC invocations=46 (full 8):
 PSYoungGen      total 310784K, used 277840K [0x00000007eaa80000, 0x0000000800000000, 0x0000000800000000)
  eden space 271872K, 100% used [0x00000007eaa80000,0x00000007fb400000,0x00000007fb400000)
  from space 38912K, 15% used [0x00000007fb400000,0x00000007fb9d4010,0x00000007fda00000)
  to   space 37376K, 0% used [0x00000007fdb80000,0x00000007fdb80000,0x0000000800000000)
 ParOldGen       total 116736K, used 60362K [0x00000007c0000000, 0x00000007c7200000, 0x00000007eaa80000)
  object space 116736K, 51% used [0x00000007c0000000,0x00000007c3af2ad8,0x00000007c7200000)
 PSPermGen       total 101888K, used 63021K [0x00000007b0000000, 0x00000007b6380000, 0x00000007c0000000)
  object space 101888K, 61% used [0x00000007b0000000,0x00000007b3d8b600,0x00000007b6380000)
Event: 1751.522 GC heap after
Heap after GC invocations=46 (full 8):
 PSYoungGen      total 307200K, used 2096K [0x00000007eaa80000, 0x00000007ffc80000, 0x0000000800000000)
  eden space 273408K, 0% used [0x00000007eaa80000,0x00000007eaa80000,0x00000007fb580000)
  from space 33792K, 6% used [0x00000007fdb80000,0x00000007fdd8c010,0x00000007ffc80000)
  to   space 36352K, 0% used [0x00000007fb580000,0x00000007fb580000,0x00000007fd900000)
 ParOldGen       total 116736K, used 65858K [0x00000007c0000000, 0x00000007c7200000, 0x00000007eaa80000)
  object space 116736K, 56% used [0x00000007c0000000,0x00000007c4050ad8,0x00000007c7200000)
 PSPermGen       total 101888K, used 63021K [0x00000007b0000000, 0x00000007b6380000, 0x00000007c0000000)
  object space 101888K, 61% used [0x00000007b0000000,0x00000007b3d8b600,0x00000007b6380000)
}
Event: 1758.978 GC heap before
{Heap before GC invocations=47 (full 8):
 PSYoungGen      total 307200K, used 82356K [0x00000007eaa80000, 0x00000007ffc80000, 0x0000000800000000)
  eden space 273408K, 29% used [0x00000007eaa80000,0x00000007ef8e1050,0x00000007fb580000)
  from space 33792K, 6% used [0x00000007fdb80000,0x00000007fdd8c010,0x00000007ffc80000)
  to   space 36352K, 0% used [0x00000007fb580000,0x00000007fb580000,0x00000007fd900000)
 ParOldGen       total 116736K, used 65858K [0x00000007c0000000, 0x00000007c7200000, 0x00000007eaa80000)
  object space 116736K, 56% used [0x00000007c0000000,0x00000007c4050ad8,0x00000007c7200000)
 PSPermGen       total 101888K, used 63022K [0x00000007b0000000, 0x00000007b6380000, 0x00000007c0000000)
  object space 101888K, 61% used [0x00000007b0000000,0x00000007b3d8b898,0x00000007b6380000)
Event: 1758.984 GC heap after
Heap after GC invocations=47 (full 8):
 PSYoungGen      total 274432K, used 864K [0x00000007eaa80000, 0x00000007ffa80000, 0x0000000800000000)
  eden space 273408K, 0% used [0x00000007eaa80000,0x00000007eaa80000,0x00000007fb580000)
  from space 1024K, 84% used [0x00000007fb580000,0x00000007fb658000,0x00000007fb680000)
  to   space 35328K, 0% used [0x00000007fd800000,0x00000007fd800000,0x00000007ffa80000)
 ParOldGen       total 116736K, used 67463K [0x00000007c0000000, 0x00000007c7200000, 0x00000007eaa80000)
  object space 116736K, 57% used [0x00000007c0000000,0x00000007c41e1f38,0x00000007c7200000)
 PSPermGen       total 101888K, used 63022K [0x00000007b0000000, 0x00000007b6380000, 0x00000007c0000000)
  object space 101888K, 61% used [0x00000007b0000000,0x00000007b3d8b898,0x00000007b6380000)
}
Event: 1758.984 GC heap before
{Heap before GC invocations=48 (full 9):
 PSYoungGen      total 274432K, used 864K [0x00000007eaa80000, 0x00000007ffa80000, 0x0000000800000000)
  eden space 273408K, 0% used [0x00000007eaa80000,0x00000007eaa80000,0x00000007fb580000)
  from space 1024K, 84% used [0x00000007fb580000,0x00000007fb658000,0x00000007fb680000)
  to   space 35328K, 0% used [0x00000007fd800000,0x00000007fd800000,0x00000007ffa80000)
 ParOldGen       total 116736K, used 67463K [0x00000007c0000000, 0x00000007c7200000, 0x00000007eaa80000)
  object space 116736K, 57% used [0x00000007c0000000,0x00000007c41e1f38,0x00000007c7200000)
 PSPermGen       total 101888K, used 63022K [0x00000007b0000000, 0x00000007b6380000, 0x00000007c0000000)
  object space 101888K, 61% used [0x00000007b0000000,0x00000007b3d8b898,0x00000007b6380000)
Event: 1759.232 GC heap after
Heap after GC invocations=48 (full 9):
 PSYoungGen      total 274432K, used 0K [0x00000007eaa80000, 0x00000007ffa80000, 0x0000000800000000)
  eden space 273408K, 0% used [0x00000007eaa80000,0x00000007eaa80000,0x00000007fb580000)
  from space 1024K, 0% used [0x00000007fb580000,0x00000007fb580000,0x00000007fb680000)
  to   space 35328K, 0% used [0x00000007fd800000,0x00000007fd800000,0x00000007ffa80000)
 ParOldGen       total 116736K, used 38467K [0x00000007c0000000, 0x00000007c7200000, 0x00000007eaa80000)
  object space 116736K, 32% used [0x00000007c0000000,0x00000007c2590c30,0x00000007c7200000)
 PSPermGen       total 97280K, used 62562K [0x00000007b0000000, 0x00000007b5f00000, 0x00000007c0000000)
  object space 97280K, 64% used [0x00000007b0000000,0x00000007b3d189e0,0x00000007b5f00000)
}
Event: 1879.179 GC heap before
{Heap before GC invocations=49 (full 9):
 PSYoungGen      total 274432K, used 273408K [0x00000007eaa80000, 0x00000007ffa80000, 0x0000000800000000)
  eden space 273408K, 100% used [0x00000007eaa80000,0x00000007fb580000,0x00000007fb580000)
  from space 1024K, 0% used [0x00000007fb580000,0x00000007fb580000,0x00000007fb680000)
  to   space 35328K, 0% used [0x00000007fd800000,0x00000007fd800000,0x00000007ffa80000)
 ParOldGen       total 116736K, used 38467K [0x00000007c0000000, 0x00000007c7200000, 0x00000007eaa80000)
  object space 116736K, 32% used [0x00000007c0000000,0x00000007c2590c30,0x00000007c7200000)
 PSPermGen       total 97280K, used 63128K [0x00000007b0000000, 0x00000007b5f00000, 0x00000007c0000000)
  object space 97280K, 64% used [0x00000007b0000000,0x00000007b3da60a0,0x00000007b5f00000)
Event: 1879.188 GC heap after
Heap after GC invocations=49 (full 9):
 PSYoungGen      total 310272K, used 12151K [0x00000007eaa80000, 0x0000000800000000, 0x0000000800000000)
  eden space 274944K, 0% used [0x00000007eaa80000,0x00000007eaa80000,0x00000007fb700000)
  from space 35328K, 34% used [0x00000007fd800000,0x00000007fe3ddea0,0x00000007ffa80000)
  to   space 33792K, 0% used [0x00000007fb700000,0x00000007fb700000,0x00000007fd800000)
 ParOldGen       total 116736K, used 38467K [0x00000007c0000000, 0x00000007c7200000, 0x00000007eaa80000)
  object space 116736K, 32% used [0x00000007c0000000,0x00000007c2590c30,0x00000007c7200000)
 PSPermGen       total 97280K, used 63128K [0x00000007b0000000, 0x00000007b5f00000, 0x00000007c0000000)
  object space 97280K, 64% used [0x00000007b0000000,0x00000007b3da60a0,0x00000007b5f00000)
}

Deoptimization events (10 events):
Event: 1799.135 Thread 0x00007fc8a6905800 Uncommon trap: reason=unreached action=reinterpret pc=0x0000000104041790 method=com.sun.tools.javac.file.ZipFileIndexArchive$ZipFileIndexFileObject.inferBinaryName(Ljava/lang/Iterable;)Ljava/lang/String; @ 15
Event: 1799.145 Thread 0x00007fc8a6905800 Uncommon trap: reason=unreached action=reinterpret pc=0x00000001042d4af4 method=com.sun.tools.javac.code.Scope.remove(Lcom/sun/tools/javac/code/Symbol;)V @ 165
Event: 1799.189 Thread 0x00007fc8a6905800 Uncommon trap: reason=unreached action=reinterpret pc=0x00000001042d3c38 method=com.sun.tools.javac.code.Scope.remove(Lcom/sun/tools/javac/code/Symbol;)V @ 165
Event: 1799.193 Thread 0x00007fc8a6905800 Uncommon trap: reason=class_check action=maybe_recompile pc=0x0000000104242ac0 method=java.io.FilterOutputStream.write(I)V @ 5
Event: 1799.193 Thread 0x00007fc8a6905800 Uncommon trap: reason=class_check action=maybe_recompile pc=0x0000000104242ac0 method=java.io.FilterOutputStream.write(I)V @ 5
Event: 1799.193 Thread 0x00007fc8a6905800 Uncommon trap: reason=class_check action=maybe_recompile pc=0x0000000104242ac0 method=java.io.FilterOutputStream.write(I)V @ 5
Event: 1799.193 Thread 0x00007fc8a6905800 Uncommon trap: reason=class_check action=maybe_recompile pc=0x0000000104242ac0 method=java.io.FilterOutputStream.write(I)V @ 5
Event: 1799.208 Thread 0x00007fc8a6905800 Uncommon trap: reason=unreached action=reinterpret pc=0x0000000104085064 method=com.sun.tools.javac.code.Scope.dble()V @ 44
Event: 1799.209 Thread 0x00007fc8a6905800 Uncommon trap: reason=unreached action=reinterpret pc=0x0000000104709278 method=com.sun.tools.javac.code.Type$ClassType.getTypeArguments()Lcom/sun/tools/javac/util/List; @ 15
Event: 1799.210 Thread 0x00007fc8a6905800 Uncommon trap: reason=unreached action=reinterpret pc=0x00000001043a88f4 method=com.sun.tools.javac.code.Type$ClassType.getTypeArguments()Lcom/sun/tools/javac/util/List; @ 15

Internal exceptions (10 events):
Event: 1878.764 Thread 0x00007fc8a47f4800 Threw 0x00000007f5f176f8 at /HUDSON/workspace/7u-2-build-macosx-x86_64/jdk7u79/2331/hotspot/src/share/vm/prims/jvm.cpp:1304
Event: 1878.765 Thread 0x00007fc8a47f4800 Threw 0x00000007f5f1c298 at /HUDSON/workspace/7u-2-build-macosx-x86_64/jdk7u79/2331/hotspot/src/share/vm/prims/jvm.cpp:1304
Event: 1878.765 Thread 0x00007fc8a47f4800 Threw 0x00000007f5f22b28 at /HUDSON/workspace/7u-2-build-macosx-x86_64/jdk7u79/2331/hotspot/src/share/vm/prims/jvm.cpp:1304
Event: 1878.765 Thread 0x00007fc8a47f4800 Threw 0x00000007f5f238b8 at /HUDSON/workspace/7u-2-build-macosx-x86_64/jdk7u79/2331/hotspot/src/share/vm/prims/jvm.cpp:1304
Event: 1878.765 Thread 0x00007fc8a47f4800 Threw 0x00000007f5f2bd00 at /HUDSON/workspace/7u-2-build-macosx-x86_64/jdk7u79/2331/hotspot/src/share/vm/prims/jvm.cpp:1304
Event: 1878.766 Thread 0x00007fc8a47f4800 Threw 0x00000007f5f31478 at /HUDSON/workspace/7u-2-build-macosx-x86_64/jdk7u79/2331/hotspot/src/share/vm/prims/jvm.cpp:1304
Event: 1878.766 Thread 0x00007fc8a47f4800 Threw 0x00000007f5f38620 at /HUDSON/workspace/7u-2-build-macosx-x86_64/jdk7u79/2331/hotspot/src/share/vm/prims/jvm.cpp:1304
Event: 1878.766 Thread 0x00007fc8a47f4800 Threw 0x00000007f5f39668 at /HUDSON/workspace/7u-2-build-macosx-x86_64/jdk7u79/2331/hotspot/src/share/vm/prims/jvm.cpp:1304
Event: 1878.766 Thread 0x00007fc8a47f4800 Threw 0x00000007f5f42a10 at /HUDSON/workspace/7u-2-build-macosx-x86_64/jdk7u79/2331/hotspot/src/share/vm/prims/jvm.cpp:1304
Event: 1879.628 Thread 0x00007fc8a47f4800 Threw 0x00000007eb2d2f80 at /HUDSON/workspace/7u-2-build-macosx-x86_64/jdk7u79/2331/hotspot/src/share/vm/runtime/reflection.cpp:1030

Events (10 events):
Event: 1881.762 Executing VM operation: RevokeBias
Event: 1881.762 Executing VM operation: RevokeBias done
Event: 1881.762 Executing VM operation: RevokeBias
Event: 1881.762 Executing VM operation: RevokeBias done
Event: 1881.762 Thread 0x00007fc8a68c9800 Thread exited: 0x00007fc8a68c9800
Event: 1881.762 Thread 0x00007fc8a6ab2800 Thread exited: 0x00007fc8a6ab2800
Event: 1881.762 Thread 0x00007fc8a68df800 Thread exited: 0x00007fc8a68df800
Event: 1881.762 Executing VM operation: RevokeBias
Event: 1881.762 Executing VM operation: RevokeBias done
Event: 1881.762 Thread 0x00007fc8a708f000 Thread exited: 0x00007fc8a708f000


Dynamic libraries:
0x00000000049d8000 	/System/Library/Frameworks/Cocoa.framework/Versions/A/Cocoa
0x00000000049d8000 	/System/Library/Frameworks/Security.framework/Versions/A/Security
0x00000000049d8000 	/System/Library/Frameworks/ApplicationServices.framework/Versions/A/ApplicationServices
0x00000000049d8000 	/usr/lib/libz.1.dylib
0x00000000049d8000 	/usr/lib/libSystem.B.dylib
0x00000000049d8000 	/usr/lib/libobjc.A.dylib
0x00000000049d8000 	/System/Library/Frameworks/CoreFoundation.framework/Versions/A/CoreFoundation
0x00000000049d8000 	/System/Library/Frameworks/Foundation.framework/Versions/C/Foundation
0x00000000049d8000 	/System/Library/Frameworks/AppKit.framework/Versions/C/AppKit
0x00000000049d8000 	/System/Library/Frameworks/CoreData.framework/Versions/A/CoreData
0x00000000049d8000 	/System/Library/PrivateFrameworks/RemoteViewServices.framework/Versions/A/RemoteViewServices
0x00000000049d8000 	/System/Library/PrivateFrameworks/UIFoundation.framework/Versions/A/UIFoundation
0x00000000049d8000 	/usr/lib/libScreenReader.dylib
0x00000000049d8000 	/System/Library/Frameworks/Accelerate.framework/Versions/A/Accelerate
0x00000000049d8000 	/System/Library/Frameworks/IOSurface.framework/Versions/A/IOSurface
0x00000000049d8000 	/System/Library/Frameworks/AudioToolbox.framework/Versions/A/AudioToolbox
0x00000000049d8000 	/System/Library/Frameworks/AudioUnit.framework/Versions/A/AudioUnit
0x00000000049d8000 	/System/Library/PrivateFrameworks/DataDetectorsCore.framework/Versions/A/DataDetectorsCore
0x00000000049d8000 	/System/Library/PrivateFrameworks/DesktopServicesPriv.framework/Versions/A/DesktopServicesPriv
0x00000000049d8000 	/System/Library/Frameworks/Carbon.framework/Versions/A/Frameworks/HIToolbox.framework/Versions/A/HIToolbox
0x00000000049d8000 	/System/Library/Frameworks/QuartzCore.framework/Versions/A/QuartzCore
0x00000000049d8000 	/System/Library/Frameworks/Carbon.framework/Versions/A/Frameworks/SpeechRecognition.framework/Versions/A/SpeechRecognition
0x00000000049d8000 	/usr/lib/libauto.dylib
0x00000000049d8000 	/usr/lib/libicucore.A.dylib
0x00000000049d8000 	/usr/lib/libxml2.2.dylib
0x00000000049d8000 	/System/Library/PrivateFrameworks/CoreUI.framework/Versions/A/CoreUI
0x00000000049d8000 	/System/Library/Frameworks/CoreAudio.framework/Versions/A/CoreAudio
0x00000000049d8000 	/System/Library/Frameworks/DiskArbitration.framework/Versions/A/DiskArbitration
0x00000000049d8000 	/usr/lib/liblangid.dylib
0x00000000049d8000 	/System/Library/PrivateFrameworks/MultitouchSupport.framework/Versions/A/MultitouchSupport
0x00000000049d8000 	/System/Library/Frameworks/IOKit.framework/Versions/A/IOKit
0x00000000049d8000 	/usr/lib/libDiagnosticMessagesClient.dylib
0x00000000049d8000 	/System/Library/Frameworks/CoreServices.framework/Versions/A/CoreServices
0x00000000049d8000 	/System/Library/PrivateFrameworks/PerformanceAnalysis.framework/Versions/A/PerformanceAnalysis
0x00000000049d8000 	/System/Library/PrivateFrameworks/GenerationalStorage.framework/Versions/A/GenerationalStorage
0x00000000049d8000 	/System/Library/Frameworks/OpenGL.framework/Versions/A/OpenGL
0x00000000049d8000 	/System/Library/PrivateFrameworks/Sharing.framework/Versions/A/Sharing
0x00000000049d8000 	/System/Library/Frameworks/CoreGraphics.framework/Versions/A/CoreGraphics
0x00000000049d8000 	/System/Library/Frameworks/CoreImage.framework/Versions/A/CoreImage
0x00000000049d8000 	/System/Library/Frameworks/CoreText.framework/Versions/A/CoreText
0x00000000049d8000 	/System/Library/Frameworks/ImageIO.framework/Versions/A/ImageIO
0x00000000049d8000 	/System/Library/PrivateFrameworks/Backup.framework/Versions/A/Backup
0x00000000049d8000 	/usr/lib/libextension.dylib
0x00000000049d8000 	/usr/lib/libarchive.2.dylib
0x00000000049d8000 	/System/Library/Frameworks/CFNetwork.framework/Versions/A/CFNetwork
0x00000000049d8000 	/System/Library/Frameworks/SystemConfiguration.framework/Versions/A/SystemConfiguration
0x00000000049d8000 	/usr/lib/libCRFSuite.dylib
0x00000000049d8000 	/usr/lib/libc++.1.dylib
0x00000000049d8000 	/usr/lib/libc++abi.dylib
0x00000000049d8000 	/usr/lib/system/libcache.dylib
0x00000000049d8000 	/usr/lib/system/libcommonCrypto.dylib
0x00000000049d8000 	/usr/lib/system/libcompiler_rt.dylib
0x00000000049d8000 	/usr/lib/system/libcopyfile.dylib
0x00000000049d8000 	/usr/lib/system/libcorecrypto.dylib
0x00000000049d8000 	/usr/lib/system/libdispatch.dylib
0x00000000049d8000 	/usr/lib/system/libdyld.dylib
0x00000000049d8000 	/usr/lib/system/libkeymgr.dylib
0x00000000049d8000 	/usr/lib/system/liblaunch.dylib
0x00000000049d8000 	/usr/lib/system/libmacho.dylib
0x00000000049d8000 	/usr/lib/system/libquarantine.dylib
0x00000000049d8000 	/usr/lib/system/libremovefile.dylib
0x00000000049d8000 	/usr/lib/system/libsystem_asl.dylib
0x00000000049d8000 	/usr/lib/system/libsystem_blocks.dylib
0x00000000049d8000 	/usr/lib/system/libsystem_c.dylib
0x00000000049d8000 	/usr/lib/system/libsystem_configuration.dylib
0x00000000049d8000 	/usr/lib/system/libsystem_coreservices.dylib
0x00000000049d8000 	/usr/lib/system/libsystem_coretls.dylib
0x00000000049d8000 	/usr/lib/system/libsystem_dnssd.dylib
0x00000000049d8000 	/usr/lib/system/libsystem_info.dylib
0x00000000049d8000 	/usr/lib/system/libsystem_kernel.dylib
0x00000000049d8000 	/usr/lib/system/libsystem_m.dylib
0x00000000049d8000 	/usr/lib/system/libsystem_malloc.dylib
0x00000000049d8000 	/usr/lib/system/libsystem_network.dylib
0x00000000049d8000 	/usr/lib/system/libsystem_networkextension.dylib
0x00000000049d8000 	/usr/lib/system/libsystem_notify.dylib
0x00000000049d8000 	/usr/lib/system/libsystem_platform.dylib
0x00000000049d8000 	/usr/lib/system/libsystem_pthread.dylib
0x00000000049d8000 	/usr/lib/system/libsystem_sandbox.dylib
0x00000000049d8000 	/usr/lib/system/libsystem_secinit.dylib
0x00000000049d8000 	/usr/lib/system/libsystem_trace.dylib
0x00000000049d8000 	/usr/lib/system/libunc.dylib
0x00000000049d8000 	/usr/lib/system/libunwind.dylib
0x00000000049d8000 	/usr/lib/system/libxpc.dylib
0x00000000049d8000 	/usr/lib/libenergytrace.dylib
0x00000000049d8000 	/usr/lib/libbsm.0.dylib
0x00000000049d8000 	/usr/lib/system/libkxld.dylib
0x00000000049d8000 	/usr/lib/libxar.1.dylib
0x00000000049d8000 	/usr/lib/libsqlite3.dylib
0x00000000049d8000 	/usr/lib/libpam.2.dylib
0x00000000049d8000 	/usr/lib/libOpenScriptingUtil.dylib
0x00000000049d8000 	/usr/lib/libbz2.1.0.dylib
0x00000000049d8000 	/usr/lib/liblzma.5.dylib
0x00000000049d8000 	/System/Library/Frameworks/CoreServices.framework/Versions/A/Frameworks/FSEvents.framework/Versions/A/FSEvents
0x00000000049d8000 	/System/Library/Frameworks/CoreServices.framework/Versions/A/Frameworks/CarbonCore.framework/Versions/A/CarbonCore
0x00000000049d8000 	/System/Library/Frameworks/CoreServices.framework/Versions/A/Frameworks/Metadata.framework/Versions/A/Metadata
0x00000000049d8000 	/System/Library/Frameworks/CoreServices.framework/Versions/A/Frameworks/OSServices.framework/Versions/A/OSServices
0x00000000049d8000 	/System/Library/Frameworks/CoreServices.framework/Versions/A/Frameworks/SearchKit.framework/Versions/A/SearchKit
0x00000000049d8000 	/System/Library/Frameworks/CoreServices.framework/Versions/A/Frameworks/AE.framework/Versions/A/AE
0x00000000049d8000 	/System/Library/Frameworks/CoreServices.framework/Versions/A/Frameworks/LaunchServices.framework/Versions/A/LaunchServices
0x00000000049d8000 	/System/Library/Frameworks/CoreServices.framework/Versions/A/Frameworks/DictionaryServices.framework/Versions/A/DictionaryServices
0x00000000049d8000 	/System/Library/Frameworks/CoreServices.framework/Versions/A/Frameworks/SharedFileList.framework/Versions/A/SharedFileList
0x00000000049d8000 	/System/Library/Frameworks/NetFS.framework/Versions/A/NetFS
0x00000000049d8000 	/System/Library/PrivateFrameworks/NetAuth.framework/Versions/A/NetAuth
0x00000000049d8000 	/System/Library/PrivateFrameworks/login.framework/Versions/A/Frameworks/loginsupport.framework/Versions/A/loginsupport
0x00000000049d8000 	/System/Library/PrivateFrameworks/TCC.framework/Versions/A/TCC
0x00000000049d8000 	/usr/lib/libmecabra.dylib
0x00000000049d8000 	/System/Library/Frameworks/ApplicationServices.framework/Versions/A/Frameworks/ATS.framework/Versions/A/ATS
0x00000000049d8000 	/System/Library/Frameworks/ApplicationServices.framework/Versions/A/Frameworks/ColorSync.framework/Versions/A/ColorSync
0x00000000049d8000 	/System/Library/Frameworks/ApplicationServices.framework/Versions/A/Frameworks/HIServices.framework/Versions/A/HIServices
0x00000000049d8000 	/System/Library/Frameworks/ApplicationServices.framework/Versions/A/Frameworks/LangAnalysis.framework/Versions/A/LangAnalysis
0x00000000049d8000 	/System/Library/Frameworks/ApplicationServices.framework/Versions/A/Frameworks/PrintCore.framework/Versions/A/PrintCore
0x00000000049d8000 	/System/Library/Frameworks/ApplicationServices.framework/Versions/A/Frameworks/QD.framework/Versions/A/QD
0x00000000049d8000 	/System/Library/Frameworks/ApplicationServices.framework/Versions/A/Frameworks/SpeechSynthesis.framework/Versions/A/SpeechSynthesis
0x00000000049d8000 	/System/Library/Frameworks/Metal.framework/Versions/A/Metal
0x00000000049d8000 	/System/Library/Frameworks/Accelerate.framework/Versions/A/Frameworks/vImage.framework/Versions/A/vImage
0x00000000049d8000 	/System/Library/Frameworks/Accelerate.framework/Versions/A/Frameworks/vecLib.framework/Versions/A/vecLib
0x00000000049d8000 	/System/Library/Frameworks/Accelerate.framework/Versions/A/Frameworks/vecLib.framework/Versions/A/libvDSP.dylib
0x00000000049d8000 	/System/Library/Frameworks/Accelerate.framework/Versions/A/Frameworks/vecLib.framework/Versions/A/libvMisc.dylib
0x00000000049d8000 	/System/Library/Frameworks/Accelerate.framework/Versions/A/Frameworks/vecLib.framework/Versions/A/libLAPACK.dylib
0x00000000049d8000 	/System/Library/Frameworks/Accelerate.framework/Versions/A/Frameworks/vecLib.framework/Versions/A/libBLAS.dylib
0x00000000049d8000 	/System/Library/Frameworks/Accelerate.framework/Versions/A/Frameworks/vecLib.framework/Versions/A/libLinearAlgebra.dylib
0x00000000049d8000 	/System/Library/Frameworks/Accelerate.framework/Versions/A/Frameworks/vecLib.framework/Versions/A/libSparseBLAS.dylib
0x00000000049d8000 	/System/Library/PrivateFrameworks/GPUCompiler.framework/libmetal_timestamp.dylib
0x00000000049d8000 	/System/Library/Frameworks/OpenGL.framework/Versions/A/Libraries/libCoreFSCache.dylib
0x00000000049d8000 	/System/Library/PrivateFrameworks/IOAccelerator.framework/Versions/A/IOAccelerator
0x00000000049d8000 	/System/Library/Frameworks/ApplicationServices.framework/Versions/A/Frameworks/ATS.framework/Versions/A/Resources/libFontParser.dylib
0x00000000049d8000 	/System/Library/Frameworks/ApplicationServices.framework/Versions/A/Frameworks/ATS.framework/Versions/A/Resources/libFontRegistry.dylib
0x00000000049d8000 	/System/Library/PrivateFrameworks/AppleVPA.framework/Versions/A/AppleVPA
0x00000000049d8000 	/System/Library/PrivateFrameworks/AppleJPEG.framework/Versions/A/AppleJPEG
0x00000000049d8000 	/System/Library/Frameworks/ImageIO.framework/Versions/A/Resources/libJPEG.dylib
0x00000000049d8000 	/System/Library/Frameworks/ImageIO.framework/Versions/A/Resources/libTIFF.dylib
0x00000000049d8000 	/System/Library/Frameworks/ImageIO.framework/Versions/A/Resources/libPng.dylib
0x00000000049d8000 	/System/Library/Frameworks/ImageIO.framework/Versions/A/Resources/libGIF.dylib
0x00000000049d8000 	/System/Library/Frameworks/ImageIO.framework/Versions/A/Resources/libJP2.dylib
0x00000000049d8000 	/System/Library/Frameworks/ImageIO.framework/Versions/A/Resources/libRadiance.dylib
0x00000000049d8000 	/System/Library/Frameworks/CoreVideo.framework/Versions/A/CoreVideo
0x00000000049d8000 	/System/Library/Frameworks/OpenGL.framework/Versions/A/Libraries/libGLU.dylib
0x00000000049d8000 	/System/Library/Frameworks/OpenGL.framework/Versions/A/Libraries/libGFXShared.dylib
0x00000000049d8000 	/System/Library/Frameworks/OpenGL.framework/Versions/A/Libraries/libGL.dylib
0x00000000049d8000 	/System/Library/Frameworks/OpenGL.framework/Versions/A/Libraries/libGLImage.dylib
0x00000000049d8000 	/System/Library/Frameworks/OpenGL.framework/Versions/A/Libraries/libCVMSPluginSupport.dylib
0x00000000049d8000 	/System/Library/Frameworks/OpenGL.framework/Versions/A/Libraries/libCoreVMClient.dylib
0x00000000049d8000 	/usr/lib/libcups.2.dylib
0x00000000049d8000 	/System/Library/Frameworks/Kerberos.framework/Versions/A/Kerberos
0x00000000049d8000 	/System/Library/Frameworks/GSS.framework/Versions/A/GSS
0x00000000049d8000 	/usr/lib/libresolv.9.dylib
0x00000000049d8000 	/usr/lib/libiconv.2.dylib
0x00000000049d8000 	/System/Library/PrivateFrameworks/Heimdal.framework/Versions/A/Heimdal
0x00000000049d8000 	/usr/lib/libheimdal-asn1.dylib
0x00000000049d8000 	/System/Library/Frameworks/OpenDirectory.framework/Versions/A/OpenDirectory
0x00000000049d8000 	/System/Library/PrivateFrameworks/CommonAuth.framework/Versions/A/CommonAuth
0x00000000049d8000 	/System/Library/Frameworks/OpenDirectory.framework/Versions/A/Frameworks/CFOpenDirectory.framework/Versions/A/CFOpenDirectory
0x00000000049d8000 	/System/Library/Frameworks/SecurityFoundation.framework/Versions/A/SecurityFoundation
0x00000000049d8000 	/System/Library/PrivateFrameworks/LanguageModeling.framework/Versions/A/LanguageModeling
0x00000000049d8000 	/usr/lib/libmarisa.dylib
0x00000000049d8000 	/usr/lib/libChineseTokenizer.dylib
0x00000000049d8000 	/usr/lib/libcmph.dylib
0x00000000049d8000 	/usr/lib/libcompression.dylib
0x00000000049d8000 	/System/Library/Frameworks/ServiceManagement.framework/Versions/A/ServiceManagement
0x00000000049d8000 	/usr/lib/libxslt.1.dylib
0x00000000049d8000 	/System/Library/Frameworks/Carbon.framework/Versions/A/Frameworks/Ink.framework/Versions/A/Ink
0x00000000049d8000 	/usr/lib/libFosl_dynamic.dylib
0x00000000049d8000 	/System/Library/PrivateFrameworks/FaceCore.framework/Versions/A/FaceCore
0x00000000049d8000 	/System/Library/Frameworks/OpenCL.framework/Versions/A/OpenCL
0x00000000049d8000 	/System/Library/PrivateFrameworks/CrashReporterSupport.framework/Versions/A/CrashReporterSupport
0x00000000049d8000 	/System/Library/PrivateFrameworks/IconServices.framework/Versions/A/IconServices
0x00000000049d8000 	/System/Library/PrivateFrameworks/Apple80211.framework/Versions/A/Apple80211
0x00000000049d8000 	/System/Library/Frameworks/CoreWLAN.framework/Versions/A/CoreWLAN
0x00000000049d8000 	/System/Library/Frameworks/IOBluetooth.framework/Versions/A/IOBluetooth
0x00000000049d8000 	/System/Library/PrivateFrameworks/CoreWiFi.framework/Versions/A/CoreWiFi
0x00000000049d8000 	/System/Library/Frameworks/CoreBluetooth.framework/Versions/A/CoreBluetooth
0x00000000049d8000 	/System/Library/PrivateFrameworks/ChunkingLibrary.framework/Versions/A/ChunkingLibrary
0x00000000049d8000 	/System/Library/PrivateFrameworks/DebugSymbols.framework/Versions/A/DebugSymbols
0x00000000049d8000 	/System/Library/PrivateFrameworks/CoreSymbolication.framework/Versions/A/CoreSymbolication
0x00000000049d8000 	/System/Library/PrivateFrameworks/Symbolication.framework/Versions/A/Symbolication
0x00000000049d8000 	/System/Library/PrivateFrameworks/SpeechRecognitionCore.framework/Versions/A/SpeechRecognitionCore
0x00000001027f5000 	/Library/Java/JavaVirtualMachines/jdk1.7.0_79.jdk/Contents/Home/jre/lib/server/libjvm.dylib
0x00000000049d8000 	/usr/lib/libstdc++.6.dylib
0x000000010325c000 	/Library/Java/JavaVirtualMachines/jdk1.7.0_79.jdk/Contents/Home/jre/lib/libverify.dylib
0x0000000103269000 	/Library/Java/JavaVirtualMachines/jdk1.7.0_79.jdk/Contents/Home/jre/lib/libjava.dylib
0x00000001032a3000 	/Library/Java/JavaVirtualMachines/jdk1.7.0_79.jdk/Contents/Home/jre/lib/libzip.dylib
0x000000010ad2a000 	/System/Library/Frameworks/JavaVM.framework/Frameworks/JavaRuntimeSupport.framework/JavaRuntimeSupport
0x000000010ad45000 	/System/Library/Frameworks/JavaVM.framework/Versions/A/Frameworks/JavaNativeFoundation.framework/Versions/A/JavaNativeFoundation
0x00000001033ed000 	/System/Library/Frameworks/JavaVM.framework/Versions/A/JavaVM
0x00000000049d8000 	/System/Library/Frameworks/Carbon.framework/Versions/A/Carbon
0x000000010ad5a000 	/System/Library/PrivateFrameworks/JavaLaunching.framework/Versions/A/JavaLaunching
0x00000000049d8000 	/System/Library/Frameworks/Carbon.framework/Versions/A/Frameworks/CommonPanels.framework/Versions/A/CommonPanels
0x00000000049d8000 	/System/Library/Frameworks/Carbon.framework/Versions/A/Frameworks/Help.framework/Versions/A/Help
0x00000000049d8000 	/System/Library/Frameworks/Carbon.framework/Versions/A/Frameworks/ImageCapture.framework/Versions/A/ImageCapture
0x00000000049d8000 	/System/Library/Frameworks/Carbon.framework/Versions/A/Frameworks/OpenScripting.framework/Versions/A/OpenScripting
0x00000000049d8000 	/System/Library/Frameworks/Carbon.framework/Versions/A/Frameworks/Print.framework/Versions/A/Print
0x00000000049d8000 	/System/Library/Frameworks/Carbon.framework/Versions/A/Frameworks/SecurityHI.framework/Versions/A/SecurityHI
0x000000010c8aa000 	/Library/Java/JavaVirtualMachines/jdk1.7.0_79.jdk/Contents/Home/jre/lib/libnet.dylib
0x000000010c908000 	/Library/Java/JavaVirtualMachines/jdk1.7.0_79.jdk/Contents/Home/jre/lib/libnio.dylib
0x000000010c917000 	/Users/baidu/.gradle/native/19/osx-amd64/libnative-platform.dylib
0x000000010cacf000 	/Library/Java/JavaVirtualMachines/jdk1.7.0_79.jdk/Contents/Home/jre/lib/libmanagement.dylib
0x000000010c9f2000 	/Library/Java/JavaVirtualMachines/jdk1.7.0_79.jdk/Contents/Home/jre/lib/libsunec.dylib

VM Arguments:
jvm_args: -XX:MaxPermSize=256m -XX:+HeapDumpOnOutOfMemoryError -Xmx1024m -Dfile.encoding=UTF-8 -Duser.country=US -Duser.language=en -Duser.variant 
java_command: org.gradle.launcher.daemon.bootstrap.GradleDaemon 2.10
Launcher Type: SUN_STANDARD

Environment Variables:
PATH=/usr/bin:/bin:/usr/sbin:/sbin
SHELL=/bin/zsh

Signal Handlers:
SIGSEGV: [libjvm.dylib+0x52daf1], sa_mask[0]=0xfffefeff, sa_flags=0x00000043
SIGBUS: [libjvm.dylib+0x52daf1], sa_mask[0]=0xfffefeff, sa_flags=0x00000042
SIGFPE: [libjvm.dylib+0x41f34e], sa_mask[0]=0xfffefeff, sa_flags=0x00000042
SIGPIPE: [libjvm.dylib+0x41f34e], sa_mask[0]=0xfffefeff, sa_flags=0x00000042
SIGXFSZ: [libjvm.dylib+0x41f34e], sa_mask[0]=0xfffefeff, sa_flags=0x00000042
SIGILL: [libjvm.dylib+0x41f34e], sa_mask[0]=0xfffefeff, sa_flags=0x00000042
SIGUSR1: SIG_DFL, sa_mask[0]=0x00000000, sa_flags=0x00000000
SIGUSR2: [libjvm.dylib+0x41ee40], sa_mask[0]=0x00000004, sa_flags=0x00000042
SIGHUP: [libjvm.dylib+0x41d0d1], sa_mask[0]=0xfffefeff, sa_flags=0x00000042
SIGINT: [libjvm.dylib+0x41d0d1], sa_mask[0]=0xfffefeff, sa_flags=0x00000042
SIGTERM: [libjvm.dylib+0x41d0d1], sa_mask[0]=0xfffefeff, sa_flags=0x00000042
SIGQUIT: [libjvm.dylib+0x41d0d1], sa_mask[0]=0xfffefeff, sa_flags=0x00000042


---------------  S Y S T E M  ---------------

OS:Bsduname:Darwin 15.2.0 Darwin Kernel Version 15.2.0: Fri Nov 13 19:56:56 PST 2015; root:xnu-3248.20.55~2/RELEASE_X86_64 x86_64
rlimit: STACK 8192k, CORE 0k, NPROC 709, NOFILE 10240, AS infinity
load average:2.17 2.26 2.52

CPU:total 4 (2 cores per cpu, 2 threads per core) family 6 model 61 stepping 4, cmov, cx8, fxsr, mmx, sse, sse2, sse3, ssse3, sse4.1, sse4.2, popcnt, avx, avx2, aes, erms, ht, tsc, tscinvbit

Memory: 4k page, physical 8388608k(2097152k free)

/proc/meminfo:


vm_info: Java HotSpot(TM) 64-Bit Server VM (24.79-b02) for bsd-amd64 JRE (1.7.0_79-b15), built on Apr 10 2015 11:35:04 by "java_re" with gcc 4.2.1 (Based on Apple Inc. build 5658) (LLVM build 2336.11.00)

time: Tue Aug  9 19:22:54 2016
elapsed time: 1881 seconds

